
> generated-story-frontend@0.0.1 dev
> vite --host 0.0.0.0 --port 5174 --host 127.0.0.1 --port 5174


  [32m[1mVITE[22m v5.4.21[39m  [2mready in [0m[1m1004[22m[2m[0m ms[22m

  [32m➜[39m  [1mLocal[22m:   [36mhttp://127.0.0.1:[1m5174[22m/[39m
[2m[32m  ➜[39m[22m[2m  press [22m[1mh + enter[22m[2m to show help[22m
[2m2:17:37 PM[22m [36m[1m[vite][22m[39m [32mvite.config.js changed, restarting server...[39m
[2m2:17:37 PM[22m [36m[1m[vite][22m[39m [32mpage reload [39m[2msrc/main.jsx[22m
[2m2:17:37 PM[22m [36m[1m[vite][22m[39m [32mpage reload [39m[2mindex.html[22m
[2m2:17:37 PM[22m [36m[1m[vite][22m[39m [32mhmr update [39m[2m/src/pages/AuthPage.jsx[22m
[2m2:17:37 PM[22m [36m[1m[vite][22m[39m [32mhmr update [39m[2m/src/pages/AuthPage.jsx[22m
[2m2:17:37 PM[22m [36m[1m[vite][22m[39m [32mhmr update [39m[2m/src/pages/AuthPage.jsx[22m
[2m2:17:37 PM[22m [36m[1m[vite][22m[39m [32mhmr update [39m[2m/src/App.jsx[22m
[2m2:17:37 PM[22m [36m[1m[vite][22m[39m [32mhmr update [39m[2m/src/styles.css[22m
[2m2:17:37 PM[22m [36m[1m[vite][22m[39m [32mvite.config.js changed, restarting server...[39m
[2m2:17:37 PM[22m [36m[1m[vite][22m[39m server restarted.
[2m2:17:38 PM[22m [36m[1m[vite][22m[39m server restarted.

  [32m➜[39m  [1mLocal[22m:   [36mhttp://127.0.0.1:[1m5174[22m/[39m
[2m3:19:38 PM[22m [36m[1m[vite][22m[39m [32mhmr update [39m[2m/src/pages/AuthPage.jsx[22m
[2m3:19:38 PM[22m [36m[1m[vite][22m[39m [32mhmr update [39m[2m/src/styles.css[22m
[2m3:21:04 PM[22m [36m[1m[vite][22m[39m [32mvite.config.js changed, restarting server...[39m
[2m3:21:04 PM[22m [36m[1m[vite][22m[39m [32mpage reload [39m[2msrc/main.jsx[22m
[2m3:21:04 PM[22m [36m[1m[vite][22m[39m [32mpage reload [39m[2mindex.html[22m
[2m3:21:04 PM[22m [36m[1m[vite][22m[39m [32mhmr update [39m[2m/src/App.jsx[22m
[2m3:21:04 PM[22m [36m[1m[vite][22m[39m [32mhmr update [39m[2m/src/styles.css[22m
[2m3:21:04 PM[22m [36m[1m[vite][22m[39m [32mhmr update [39m[2m/src/pages/AuthPage.jsx[22m
[2m3:21:04 PM[22m [36m[1m[vite][22m[39m [32mhmr update [39m[2m/src/pages/AuthPage.jsx[22m
[2m3:21:04 PM[22m [36m[1m[vite][22m[39m [32mhmr update [39m[2m/src/pages/AuthPage.jsx[22m
[2m3:21:04 PM[22m [36m[1m[vite][22m[39m server restarted.
[2m3:21:12 PM[22m [36m[1m[vite][22m[39m [32mvite.config.js changed, restarting server...[39m
[2m3:21:12 PM[22m [36m[1m[vite][22m[39m [32mpage reload [39m[2mindex.html[22m
[2m3:21:12 PM[22m [36m[1m[vite][22m[39m [32mpage reload [39m[2msrc/main.jsx[22m
[2m3:21:12 PM[22m [36m[1m[vite][22m[39m [32mhmr update [39m[2m/src/pages/AuthPage.jsx[22m
[2m3:21:12 PM[22m [36m[1m[vite][22m[39m [32mhmr update [39m[2m/src/App.jsx[22m
[2m3:21:12 PM[22m [36m[1m[vite][22m[39m [32mhmr update [39m[2m/src/styles.css[22m
[2m3:21:12 PM[22m [36m[1m[vite][22m[39m [32mhmr update [39m[2m/src/pages/AuthPage.jsx[22m
[2m3:21:12 PM[22m [36m[1m[vite][22m[39m [32mhmr update [39m[2m/src/pages/AuthPage.jsx[22m
[2m3:21:12 PM[22m [36m[1m[vite][22m[39m server restarted.
[2m3:21:12 PM[22m [36m[1m[vite][22m[39m [32mvite.config.js changed, restarting server...[39m
[2m3:21:12 PM[22m [36m[1m[vite][22m[39m [32mpage reload [39m[2mindex.html[22m
[2m3:21:12 PM[22m [36m[1m[vite][22m[39m server restarted.
[2m3:21:31 PM[22m [36m[1m[vite][22m[39m [32mvite.config.js changed, restarting server...[39m
[2m3:21:31 PM[22m [36m[1m[vite][22m[39m [32mpage reload [39m[2mindex.html[22m
[2m3:21:31 PM[22m [36m[1m[vite][22m[39m [32mpage reload [39m[2msrc/main.jsx[22m
[2m3:21:31 PM[22m [36m[1m[vite][22m[39m [32mhmr update [39m[2m/src/pages/AuthPage.jsx[22m
[2m3:21:31 PM[22m [36m[1m[vite][22m[39m [32mhmr update [39m[2m/src/pages/AuthPage.jsx[22m
[2m3:21:31 PM[22m [36m[1m[vite][22m[39m [32mhmr update [39m[2m/src/App.jsx[22m
[2m3:21:31 PM[22m [36m[1m[vite][22m[39m [32mhmr update [39m[2m/src/styles.css[22m
[2m3:21:31 PM[22m [36m[1m[vite][22m[39m [32mhmr update [39m[2m/src/pages/AuthPage.jsx[22m
[2m3:21:31 PM[22m [36m[1m[vite][22m[39m server restarted.
[2m3:21:31 PM[22m [36m[1m[vite][22m[39m [32mvite.config.js changed, restarting server...[39m
[2m3:21:31 PM[22m [36m[1m[vite][22m[39m server restarted.
[2m3:21:39 PM[22m [36m[1m[vite][22m[39m [32mvite.config.js changed, restarting server...[39m
[2m3:21:39 PM[22m [36m[1m[vite][22m[39m [32mpage reload [39m[2mindex.html[22m
[2m3:21:39 PM[22m [36m[1m[vite][22m[39m [32mpage reload [39m[2msrc/main.jsx[22m
[2m3:21:39 PM[22m [36m[1m[vite][22m[39m [32mhmr update [39m[2m/src/pages/AuthPage.jsx[22m
[2m3:21:39 PM[22m [36m[1m[vite][22m[39m [32mhmr update [39m[2m/src/App.jsx[22m
[2m3:21:39 PM[22m [36m[1m[vite][22m[39m [32mhmr update [39m[2m/src/styles.css[22m
[2m3:21:39 PM[22m [36m[1m[vite][22m[39m [32mhmr update [39m[2m/src/pages/AuthPage.jsx[22m
[2m3:21:39 PM[22m [36m[1m[vite][22m[39m [32mhmr update [39m[2m/src/pages/AuthPage.jsx[22m
[2m3:21:39 PM[22m [36m[1m[vite][22m[39m server restarted.
[2m3:21:39 PM[22m [36m[1m[vite][22m[39m [32mvite.config.js changed, restarting server...[39m
[2m3:21:39 PM[22m [36m[1m[vite][22m[39m [32mpage reload [39m[2mindex.html[22m
[2m3:21:39 PM[22m [36m[1m[vite][22m[39m server restarted.

> generated-story-frontend@0.0.1 dev
> vite --host 0.0.0.0 --port 5174 --host 127.0.0.1 --port 5174


  [32m[1mVITE[22m v5.4.21[39m  [2mready in [0m[1m444[22m[2m[0m ms[22m

  [32m➜[39m  [1mLocal[22m:   [36mhttp://127.0.0.1:[1m5174[22m/[39m
[2m[32m  ➜[39m[22m[2m  press [22m[1mh + enter[22m[2m to show help[22m
[2m3:22:47 PM[22m [36m[1m[vite][22m[39m [32mvite.config.js changed, restarting server...[39m
[2m3:22:47 PM[22m [36m[1m[vite][22m[39m [32mpage reload [39m[2mindex.html[22m
[2m3:22:47 PM[22m [36m[1m[vite][22m[39m [32mpage reload [39m[2msrc/main.jsx[22m
[2m3:22:47 PM[22m [36m[1m[vite][22m[39m [32mhmr update [39m[2m/src/pages/AuthPage.jsx[22m
[2m3:22:47 PM[22m [36m[1m[vite][22m[39m [32mhmr update [39m[2m/src/pages/AuthPage.jsx[22m
[2m3:22:47 PM[22m [36m[1m[vite][22m[39m [32mhmr update [39m[2m/src/App.jsx[22m
[2m3:22:47 PM[22m [36m[1m[vite][22m[39m [32mhmr update [39m[2m/src/styles.css[22m
[2m3:22:47 PM[22m [36m[1m[vite][22m[39m [32mhmr update [39m[2m/src/pages/AuthPage.jsx[22m
[2m3:22:47 PM[22m [36m[1m[vite][22m[39m server restarted.
[2m3:22:47 PM[22m [36m[1m[vite][22m[39m [32mvite.config.js changed, restarting server...[39m
[2m3:22:47 PM[22m [36m[1m[vite][22m[39m server restarted.
[2m3:23:01 PM[22m [36m[1m[vite][22m[39m [32mvite.config.js changed, restarting server...[39m
[2m3:23:01 PM[22m [36m[1m[vite][22m[39m [32mpage reload [39m[2msrc/main.jsx[22m
[2m3:23:01 PM[22m [36m[1m[vite][22m[39m [32mpage reload [39m[2mindex.html[22m
[2m3:23:01 PM[22m [36m[1m[vite][22m[39m [32mhmr update [39m[2m/src/pages/AuthPage.jsx[22m
[2m3:23:01 PM[22m [36m[1m[vite][22m[39m [32mhmr update [39m[2m/src/App.jsx[22m
[2m3:23:01 PM[22m [36m[1m[vite][22m[39m [32mhmr update [39m[2m/src/styles.css[22m
[2m3:23:01 PM[22m [36m[1m[vite][22m[39m [32mhmr update [39m[2m/src/pages/AuthPage.jsx[22m
[2m3:23:01 PM[22m [36m[1m[vite][22m[39m [32mhmr update [39m[2m/src/pages/AuthPage.jsx[22m
[2m3:23:01 PM[22m [36m[1m[vite][22m[39m server restarted.
[2m3:23:01 PM[22m [36m[1m[vite][22m[39m [32mvite.config.js changed, restarting server...[39m
[2m3:23:01 PM[22m [36m[1m[vite][22m[39m [32mpage reload [39m[2mindex.html[22m
[2m3:23:01 PM[22m [36m[1m[vite][22m[39m server restarted.
[2m3:24:00 PM[22m [36m[1m[vite][22m[39m [32mvite.config.js changed, restarting server...[39m
[2m3:24:00 PM[22m [36m[1m[vite][22m[39m [32mpage reload [39m[2mindex.html[22m
[2m3:24:00 PM[22m [36m[1m[vite][22m[39m [32mpage reload [39m[2msrc/main.jsx[22m
[2m3:24:00 PM[22m [36m[1m[vite][22m[39m [32mhmr update [39m[2m/src/pages/AuthPage.jsx[22m
[2m3:24:00 PM[22m [36m[1m[vite][22m[39m [32mhmr update [39m[2m/src/App.jsx[22m
[2m3:24:00 PM[22m [36m[1m[vite][22m[39m [32mhmr update [39m[2m/src/styles.css[22m
[2m3:24:00 PM[22m [36m[1m[vite][22m[39m [32mhmr update [39m[2m/src/pages/AuthPage.jsx[22m
[2m3:24:00 PM[22m [36m[1m[vite][22m[39m [32mhmr update [39m[2m/src/pages/AuthPage.jsx[22m
[2m3:24:00 PM[22m [36m[1m[vite][22m[39m server restarted.
[2m3:31:23 PM[22m [36m[1m[vite][22m[39m [32mpage reload [39m[2msrc/main.jsx[22m
[2m3:31:23 PM[22m [36m[1m[vite][22m[39m [32mvite.config.js changed, restarting server...[39m
[2m3:31:23 PM[22m [36m[1m[vite][22m[39m [32mpage reload [39m[2mindex.html[22m
[2m3:31:23 PM[22m [36m[1m[vite][22m[39m [32mhmr update [39m[2m/src/pages/AuthPage.jsx[22m
[2m3:31:23 PM[22m [36m[1m[vite][22m[39m [32mhmr update [39m[2m/src/App.jsx[22m
[2m3:31:23 PM[22m [36m[1m[vite][22m[39m [32mhmr update [39m[2m/src/styles.css[22m
[2m3:31:23 PM[22m [36m[1m[vite][22m[39m [32mhmr update [39m[2m/src/pages/AuthPage.jsx[22m
[2m3:31:23 PM[22m [36m[1m[vite][22m[39m [32mhmr update [39m[2m/src/pages/AuthPage.jsx[22m
[2m3:31:23 PM[22m [36m[1m[vite][22m[39m [32mpage reload [39m[2msrc/main.jsx[22m
[2m3:31:23 PM[22m [36m[1m[vite][22m[39m [32mhmr update [39m[2m/src/pages/AuthPage.jsx[22m
[2m3:31:23 PM[22m [36m[1m[vite][22m[39m [32mhmr update [39m[2m/src/pages/AuthPage.jsx[22m
[2m3:31:23 PM[22m [36m[1m[vite][22m[39m [32mhmr update [39m[2m/src/pages/AuthPage.jsx[22m
[2m3:31:23 PM[22m [36m[1m[vite][22m[39m [32mvite.config.js changed, restarting server...[39m
[2m3:31:23 PM[22m [36m[1m[vite][22m[39m [32mpage reload [39m[2mindex.html[22m
[2m3:31:23 PM[22m [36m[1m[vite][22m[39m [32mhmr update [39m[2m/src/App.jsx[22m
[2m3:31:23 PM[22m [36m[1m[vite][22m[39m [32mhmr update [39m[2m/src/styles.css[22m
[2m3:31:23 PM[22m [36m[1m[vite][22m[39m server restarted.
[2m3:44:17 PM[22m [36m[1m[vite][22m[39m [32mvite.config.js changed, restarting server...[39m
[2m3:44:17 PM[22m [36m[1m[vite][22m[39m [32mpage reload [39m[2mindex.html[22m
[2m3:44:17 PM[22m [36m[1m[vite][22m[39m [32mpage reload [39m[2msrc/main.jsx[22m
[2m3:44:17 PM[22m [36m[1m[vite][22m[39m [32mhmr update [39m[2m/src/pages/AuthPage.jsx, /src/pages/UsersPage.jsx[22m
[2m3:44:17 PM[22m [36m[1m[vite][22m[39m [32mhmr update [39m[2m/src/pages/AuthPage.jsx, /src/pages/UsersPage.jsx[22m
[2m3:44:17 PM[22m [36m[1m[vite][22m[39m [32mhmr update [39m[2m/src/App.jsx[22m
[2m3:44:17 PM[22m [36m[1m[vite][22m[39m [32mhmr update [39m[2m/src/styles.css[22m
[2m3:44:17 PM[22m [36m[1m[vite][22m[39m [32mhmr update [39m[2m/src/pages/AuthPage.jsx[22m
[2m3:44:17 PM[22m [36m[1m[vite][22m[39m [32mhmr update [39m[2m/src/pages/UsersPage.jsx[22m
[2m3:44:17 PM[22m [36m[1m[vite][22m[39m server restarted.
[2m3:44:17 PM[22m [36m[1m[vite][22m[39m [32mvite.config.js changed, restarting server...[39m
[2m3:44:17 PM[22m [36m[1m[vite][22m[39m server restarted.
[2m3:44:25 PM[22m [36m[1m[vite][22m[39m [32mvite.config.js changed, restarting server...[39m
[2m3:44:25 PM[22m [36m[1m[vite][22m[39m [32mpage reload [39m[2mindex.html[22m
[2m3:44:25 PM[22m [36m[1m[vite][22m[39m [32mpage reload [39m[2msrc/main.jsx[22m
[2m3:44:25 PM[22m [36m[1m[vite][22m[39m [32mhmr update [39m[2m/src/pages/AuthPage.jsx, /src/pages/UsersPage.jsx[22m
[2m3:44:25 PM[22m [36m[1m[vite][22m[39m [32mhmr update [39m[2m/src/App.jsx[22m
[2m3:44:25 PM[22m [36m[1m[vite][22m[39m [32mhmr update [39m[2m/src/styles.css[22m
[2m3:44:25 PM[22m [36m[1m[vite][22m[39m [32mhmr update [39m[2m/src/pages/AuthPage.jsx, /src/pages/UsersPage.jsx[22m
[2m3:44:25 PM[22m [36m[1m[vite][22m[39m [32mhmr update [39m[2m/src/pages/AuthPage.jsx[22m
[2m3:44:25 PM[22m [36m[1m[vite][22m[39m [32mhmr update [39m[2m/src/pages/UsersPage.jsx[22m
[2m3:44:25 PM[22m [36m[1m[vite][22m[39m server restarted.
[2m3:44:25 PM[22m [36m[1m[vite][22m[39m [32mvite.config.js changed, restarting server...[39m
[2m3:44:25 PM[22m [36m[1m[vite][22m[39m [32mpage reload [39m[2mindex.html[22m
[2m3:44:25 PM[22m [36m[1m[vite][22m[39m server restarted.
[2m3:44:32 PM[22m [36m[1m[vite][22m[39m [32mvite.config.js changed, restarting server...[39m
[2m3:44:32 PM[22m [36m[1m[vite][22m[39m [32mpage reload [39m[2mindex.html[22m
[2m3:44:32 PM[22m [36m[1m[vite][22m[39m [32mpage reload [39m[2msrc/main.jsx[22m
[2m3:44:32 PM[22m [36m[1m[vite][22m[39m [32mhmr update [39m[2m/src/pages/AuthPage.jsx, /src/pages/UsersPage.jsx[22m
[2m3:44:32 PM[22m [36m[1m[vite][22m[39m [32mhmr update [39m[2m/src/pages/AuthPage.jsx, /src/pages/UsersPage.jsx[22m
[2m3:44:32 PM[22m [36m[1m[vite][22m[39m [32mhmr update [39m[2m/src/App.jsx[22m
[2m3:44:32 PM[22m [36m[1m[vite][22m[39m [32mhmr update [39m[2m/src/styles.css[22m
[2m3:44:32 PM[22m [36m[1m[vite][22m[39m [32mhmr update [39m[2m/src/pages/AuthPage.jsx[22m
[2m3:44:32 PM[22m [36m[1m[vite][22m[39m [32mhmr update [39m[2m/src/pages/UsersPage.jsx[22m
[2m3:44:32 PM[22m [36m[1m[vite][22m[39m server restarted.
[2m3:44:32 PM[22m [36m[1m[vite][22m[39m [32mvite.config.js changed, restarting server...[39m
[2m3:44:32 PM[22m [36m[1m[vite][22m[39m [32mpage reload [39m[2mindex.html[22m
[2m3:44:32 PM[22m [36m[1m[vite][22m[39m server restarted.
[2m3:45:20 PM[22m [36m[1m[vite][22m[39m [32mvite.config.js changed, restarting server...[39m
[2m3:45:20 PM[22m [36m[1m[vite][22m[39m [32mpage reload [39m[2mindex.html[22m
[2m3:45:20 PM[22m [36m[1m[vite][22m[39m [32mpage reload [39m[2msrc/main.jsx[22m
[2m3:45:20 PM[22m [36m[1m[vite][22m[39m [32mhmr update [39m[2m/src/pages/UsersPage.jsx, /src/pages/AuthPage.jsx[22m
[2m3:45:20 PM[22m [36m[1m[vite][22m[39m [32mhmr update [39m[2m/src/App.jsx[22m
[2m3:45:20 PM[22m [36m[1m[vite][22m[39m [32mhmr update [39m[2m/src/styles.css[22m
[2m3:45:20 PM[22m [36m[1m[vite][22m[39m [32mhmr update [39m[2m/src/pages/UsersPage.jsx, /src/pages/AuthPage.jsx[22m
[2m3:45:20 PM[22m [36m[1m[vite][22m[39m [32mhmr update [39m[2m/src/pages/AuthPage.jsx[22m
[2m3:45:20 PM[22m [36m[1m[vite][22m[39m [32mhmr update [39m[2m/src/pages/UsersPage.jsx[22m
[2m3:45:20 PM[22m [36m[1m[vite][22m[39m server restarted.
[2m3:45:20 PM[22m [36m[1m[vite][22m[39m [32mvite.config.js changed, restarting server...[39m
[2m3:45:20 PM[22m [36m[1m[vite][22m[39m [32mpage reload [39m[2mindex.html[22m
[2m3:45:20 PM[22m [36m[1m[vite][22m[39m server restarted.

> generated-story-frontend@0.0.1 dev
> vite --host 0.0.0.0 --port 5174 --host 127.0.0.1 --port 5174


  [32m[1mVITE[22m v5.4.21[39m  [2mready in [0m[1m420[22m[2m[0m ms[22m

  [32m➜[39m  [1mLocal[22m:   [36mhttp://127.0.0.1:[1m5174[22m/[39m
[2m[32m  ➜[39m[22m[2m  press [22m[1mh + enter[22m[2m to show help[22m
[2m3:48:48 PM[22m [36m[1m[vite][22m[39m [32mpage reload [39m[2msrc/main.jsx[22m
[2m3:48:48 PM[22m [36m[1m[vite][22m[39m [32mvite.config.js changed, restarting server...[39m
[2m3:48:48 PM[22m [36m[1m[vite][22m[39m [32mpage reload [39m[2mindex.html[22m
[2m3:48:48 PM[22m [36m[1m[vite][22m[39m [32mhmr update [39m[2m/src/App.jsx[22m
[2m3:48:48 PM[22m [36m[1m[vite][22m[39m [32mhmr update [39m[2m/src/styles.css[22m
[2m3:48:48 PM[22m [36m[1m[vite][22m[39m server restarted.
[2m3:48:56 PM[22m [36m[1m[vite][22m[39m [32mvite.config.js changed, restarting server...[39m
[2m3:48:56 PM[22m [36m[1m[vite][22m[39m [32mpage reload [39m[2msrc/main.jsx[22m
[2m3:48:56 PM[22m [36m[1m[vite][22m[39m [32mpage reload [39m[2mindex.html[22m
[2m3:48:56 PM[22m [36m[1m[vite][22m[39m [32mhmr update [39m[2m/src/App.jsx[22m
[2m3:48:56 PM[22m [36m[1m[vite][22m[39m [32mhmr update [39m[2m/src/styles.css[22m
[2m3:48:56 PM[22m [36m[1m[vite][22m[39m [32mhmr update [39m[2m/src/pages/AuthPage.jsx[22m
[2m3:48:56 PM[22m [36m[1m[vite][22m[39m [32mhmr update [39m[2m/src/pages/AuthPage.jsx[22m
[2m3:48:56 PM[22m [36m[1m[vite][22m[39m [32mhmr update [39m[2m/src/pages/AuthPage.jsx[22m
[2m3:48:56 PM[22m [36m[1m[vite][22m[39m server restarted.
[2m3:48:56 PM[22m [36m[1m[vite][22m[39m [32mvite.config.js changed, restarting server...[39m
[2m3:48:56 PM[22m [36m[1m[vite][22m[39m [32mpage reload [39m[2mindex.html[22m
[2m3:48:56 PM[22m [36m[1m[vite][22m[39m server restarted.
[2m3:49:02 PM[22m [36m[1m[vite][22m[39m [32mvite.config.js changed, restarting server...[39m
[2m3:49:02 PM[22m [36m[1m[vite][22m[39m [32mpage reload [39m[2msrc/main.jsx[22m
[2m3:49:02 PM[22m [36m[1m[vite][22m[39m [32mpage reload [39m[2mindex.html[22m
[2m3:49:02 PM[22m [36m[1m[vite][22m[39m [32mhmr update [39m[2m/src/App.jsx[22m
[2m3:49:02 PM[22m [36m[1m[vite][22m[39m [32mhmr update [39m[2m/src/styles.css[22m
[2m3:49:02 PM[22m [36m[1m[vite][22m[39m [32mhmr update [39m[2m/src/pages/AuthPage.jsx[22m
[2m3:49:02 PM[22m [36m[1m[vite][22m[39m [32mhmr update [39m[2m/src/pages/AuthPage.jsx[22m
[2m3:49:02 PM[22m [36m[1m[vite][22m[39m [32mhmr update [39m[2m/src/pages/AuthPage.jsx[22m
[2m3:49:02 PM[22m [36m[1m[vite][22m[39m server restarted.
[2m3:49:02 PM[22m [36m[1m[vite][22m[39m [32mvite.config.js changed, restarting server...[39m
[2m3:49:02 PM[22m [36m[1m[vite][22m[39m [32mpage reload [39m[2mindex.html[22m
[2m3:49:02 PM[22m [36m[1m[vite][22m[39m server restarted.
[2m3:49:40 PM[22m [36m[1m[vite][22m[39m [32mvite.config.js changed, restarting server...[39m
[2m3:49:40 PM[22m [36m[1m[vite][22m[39m [32mpage reload [39m[2mindex.html[22m
[2m3:49:40 PM[22m [36m[1m[vite][22m[39m [32mpage reload [39m[2msrc/main.jsx[22m
[2m3:49:40 PM[22m [36m[1m[vite][22m[39m [32mhmr update [39m[2m/src/App.jsx[22m
[2m3:49:40 PM[22m [36m[1m[vite][22m[39m [32mhmr update [39m[2m/src/styles.css[22m
[2m3:49:40 PM[22m [36m[1m[vite][22m[39m [32mhmr update [39m[2m/src/pages/AuthPage.jsx[22m
[2m3:49:40 PM[22m [36m[1m[vite][22m[39m [32mhmr update [39m[2m/src/pages/AuthPage.jsx[22m
[2m3:49:40 PM[22m [36m[1m[vite][22m[39m [32mhmr update [39m[2m/src/pages/AuthPage.jsx[22m
[2m3:49:40 PM[22m [36m[1m[vite][22m[39m [32mpage reload [39m[2msrc/main.jsx[22m
[2m3:49:40 PM[22m [36m[1m[vite][22m[39m [32mhmr update [39m[2m/src/pages/AuthPage.jsx[22m
[2m3:49:40 PM[22m [36m[1m[vite][22m[39m [32mhmr update [39m[2m/src/pages/AuthPage.jsx[22m
[2m3:49:40 PM[22m [36m[1m[vite][22m[39m [32mhmr update [39m[2m/src/pages/AuthPage.jsx[22m
[2m3:49:40 PM[22m [36m[1m[vite][22m[39m [32mvite.config.js changed, restarting server...[39m
[2m3:49:40 PM[22m [36m[1m[vite][22m[39m [32mpage reload [39m[2mindex.html[22m
[2m3:49:40 PM[22m [36m[1m[vite][22m[39m [32mhmr update [39m[2m/src/App.jsx[22m
[2m3:49:40 PM[22m [36m[1m[vite][22m[39m [32mhmr update [39m[2m/src/styles.css[22m
[2m3:49:40 PM[22m [36m[1m[vite][22m[39m server restarted.
[2m3:55:28 PM[22m [36m[1m[vite][22m[39m [32mpage reload [39m[2mindex.html[22m
[2m3:55:28 PM[22m [36m[1m[vite][22m[39m [32mvite.config.js changed, restarting server...[39m
[2m3:55:28 PM[22m [36m[1m[vite][22m[39m [32mhmr update [39m[2m/src/App.jsx[22m
[2m3:55:28 PM[22m [36m[1m[vite][22m[39m [32mpage reload [39m[2msrc/main.jsx[22m
[2m3:55:28 PM[22m [36m[1m[vite][22m[39m [32mhmr update [39m[2m/src/styles.css[22m
[2m3:55:28 PM[22m [36m[1m[vite][22m[39m [32mhmr update [39m[2m/src/pages/UsersPage.jsx, /src/pages/AuthPage.jsx[22m
[2m3:55:28 PM[22m [36m[1m[vite][22m[39m [32mhmr update [39m[2m/src/pages/UsersPage.jsx, /src/pages/AuthPage.jsx[22m
[2m3:55:28 PM[22m [36m[1m[vite][22m[39m [32mhmr update [39m[2m/src/pages/AuthPage.jsx[22m
[2m3:55:28 PM[22m [36m[1m[vite][22m[39m server restarted.
[2m3:55:29 PM[22m [36m[1m[vite][22m[39m [32mhmr update [39m[2m/src/pages/TasksPage.jsx[22m
[2m3:55:29 PM[22m [36m[1m[vite][22m[39m [32mhmr update [39m[2m/src/App.jsx[22m
[2m3:55:29 PM[22m [36m[1m[vite][22m[39m [32mhmr update [39m[2m/src/styles.css[22m
[2m3:55:29 PM[22m [36m[1m[vite][22m[39m [32mhmr update [39m[2m/src/pages/AuthPage.jsx, /src/pages/TasksPage.jsx, /src/pages/UsersPage.jsx[22m

> generated-story-frontend@0.0.1 dev
> vite --host 0.0.0.0 --port 5174 --host 127.0.0.1 --port 5174


  [32m[1mVITE[22m v5.4.21[39m  [2mready in [0m[1m1351[22m[2m[0m ms[22m

  [32m➜[39m  [1mLocal[22m:   [36mhttp://127.0.0.1:[1m5174[22m/[39m
[2m[32m  ➜[39m[22m[2m  press [22m[1mh + enter[22m[2m to show help[22m
[2m12:29:08 PM[22m [36m[1m[vite][22m[39m [32mpage reload [39m[2msrc/main.jsx[22m
[2m12:29:08 PM[22m [36m[1m[vite][22m[39m [32mvite.config.js changed, restarting server...[39m
[2m12:29:08 PM[22m [36m[1m[vite][22m[39m [32mpage reload [39m[2mindex.html[22m
[2m12:29:08 PM[22m [36m[1m[vite][22m[39m [32mpage reload [39m[2msrc/main.jsx[22m
[2m12:29:08 PM[22m [36m[1m[vite][22m[39m [32mhmr update [39m[2m/src/App.jsx[22m
[2m12:29:08 PM[22m [36m[1m[vite][22m[39m [32mhmr update [39m[2m/src/styles.css[22m
[2m12:29:08 PM[22m [36m[1m[vite][22m[39m server restarted.
[2m12:29:24 PM[22m [36m[1m[vite][22m[39m [32mvite.config.js changed, restarting server...[39m
[2m12:29:24 PM[22m [36m[1m[vite][22m[39m [32mpage reload [39m[2msrc/main.jsx[22m
[2m12:29:24 PM[22m [36m[1m[vite][22m[39m [32mpage reload [39m[2mindex.html[22m
[2m12:29:24 PM[22m [36m[1m[vite][22m[39m [32mhmr update [39m[2m/src/App.jsx, /src/pages/AuthPage.jsx[22m
[2m12:29:24 PM[22m [36m[1m[vite][22m[39m [32mhmr update [39m[2m/src/App.jsx[22m
[2m12:29:24 PM[22m [36m[1m[vite][22m[39m [32mhmr update [39m[2m/src/styles.css[22m
[2m12:29:24 PM[22m [36m[1m[vite][22m[39m [32mhmr update [39m[2m/src/App.jsx, /src/pages/AuthPage.jsx[22m
[2m12:29:24 PM[22m [36m[1m[vite][22m[39m [32mhmr update [39m[2m/src/pages/AuthPage.jsx[22m
[2m12:29:24 PM[22m [36m[1m[vite][22m[39m server restarted.
[2m12:29:41 PM[22m [36m[1m[vite][22m[39m [32mvite.config.js changed, restarting server...[39m
[2m12:29:41 PM[22m [36m[1m[vite][22m[39m [32mpage reload [39m[2mindex.html[22m
[2m12:29:41 PM[22m [36m[1m[vite][22m[39m [32mpage reload [39m[2msrc/main.jsx[22m
[2m12:29:41 PM[22m [36m[1m[vite][22m[39m [32mhmr update [39m[2m/src/pages/AuthPage.jsx, /src/App.jsx[22m
[2m12:29:41 PM[22m [36m[1m[vite][22m[39m [32mhmr update [39m[2m/src/App.jsx[22m
[2m12:29:41 PM[22m [36m[1m[vite][22m[39m [32mhmr update [39m[2m/src/styles.css[22m
[2m12:29:41 PM[22m [36m[1m[vite][22m[39m [32mhmr update [39m[2m/src/pages/AuthPage.jsx, /src/App.jsx[22m
[2m12:29:41 PM[22m [36m[1m[vite][22m[39m [32mhmr update [39m[2m/src/pages/AuthPage.jsx[22m
[2m12:29:41 PM[22m [36m[1m[vite][22m[39m server restarted.

> generated-story-frontend@0.0.1 dev
> vite --host 0.0.0.0 --port 5174 --host 127.0.0.1 --port 5174


  [32m[1mVITE[22m v5.4.21[39m  [2mready in [0m[1m795[22m[2m[0m ms[22m

  [32m➜[39m  [1mLocal[22m:   [36mhttp://127.0.0.1:[1m5174[22m/[39m
[2m[32m  ➜[39m[22m[2m  press [22m[1mh + enter[22m[2m to show help[22m
[2m12:38:10 PM[22m [36m[1m[vite][22m[39m [32mpage reload [39m[2msrc/main.jsx[22m
[2m12:38:10 PM[22m [36m[1m[vite][22m[39m [32mvite.config.js changed, restarting server...[39m
[2m12:38:10 PM[22m [36m[1m[vite][22m[39m [32mpage reload [39m[2mindex.html[22m
[2m12:38:10 PM[22m [36m[1m[vite][22m[39m [32mpage reload [39m[2msrc/main.jsx[22m
[2m12:38:10 PM[22m [36m[1m[vite][22m[39m server restarted.
[2m12:38:18 PM[22m [36m[1m[vite][22m[39m [32mvite.config.js changed, restarting server...[39m
[2m12:38:18 PM[22m [36m[1m[vite][22m[39m [32mpage reload [39m[2mindex.html[22m
[2m12:38:19 PM[22m [36m[1m[vite][22m[39m server restarted.
[2m12:38:31 PM[22m [36m[1m[vite][22m[39m [32mvite.config.js changed, restarting server...[39m
[2m12:38:31 PM[22m [36m[1m[vite][22m[39m [32mpage reload [39m[2mindex.html[22m
[2m12:38:31 PM[22m [36m[1m[vite][22m[39m [32mpage reload [39m[2msrc/main.jsx[22m
[2m12:38:31 PM[22m [36m[1m[vite][22m[39m [32mhmr update [39m[2m/src/App.jsx, /src/pages/AuthPage.jsx[22m
[2m12:38:31 PM[22m [36m[1m[vite][22m[39m [32mhmr update [39m[2m/src/App.jsx, /src/pages/AuthPage.jsx[22m
[2m12:38:31 PM[22m [36m[1m[vite][22m[39m [32mhmr update [39m[2m/src/App.jsx[22m
[2m12:38:31 PM[22m [36m[1m[vite][22m[39m [32mhmr update [39m[2m/src/styles.css[22m
[2m12:38:31 PM[22m [36m[1m[vite][22m[39m [32mhmr update [39m[2m/src/pages/AuthPage.jsx[22m
[2m12:38:31 PM[22m [36m[1m[vite][22m[39m server restarted.
[2m12:38:35 PM[22m [36m[1m[vite][22m[39m [32mvite.config.js changed, restarting server...[39m
[2m12:38:35 PM[22m [36m[1m[vite][22m[39m [32mpage reload [39m[2mindex.html[22m
[2m12:38:35 PM[22m [36m[1m[vite][22m[39m [32mpage reload [39m[2msrc/main.jsx[22m
[2m12:38:35 PM[22m [36m[1m[vite][22m[39m [32mhmr update [39m[2m/src/pages/AuthPage.jsx[22m
[2m12:38:35 PM[22m [36m[1m[vite][22m[39m [32mhmr update [39m[2m/src/App.jsx[22m
[2m12:38:35 PM[22m [36m[1m[vite][22m[39m [32mhmr update [39m[2m/src/styles.css[22m
[2m12:38:35 PM[22m [36m[1m[vite][22m[39m [32mhmr update [39m[2m/src/pages/AuthPage.jsx[22m
[2m12:38:35 PM[22m [36m[1m[vite][22m[39m [32mhmr update [39m[2m/src/pages/AuthPage.jsx[22m
[2m12:38:35 PM[22m [36m[1m[vite][22m[39m server restarted.
[2m12:38:40 PM[22m [36m[1m[vite][22m[39m [32mvite.config.js changed, restarting server...[39m
[2m12:38:40 PM[22m [36m[1m[vite][22m[39m [32mpage reload [39m[2msrc/main.jsx[22m
[2m12:38:40 PM[22m [36m[1m[vite][22m[39m [32mpage reload [39m[2mindex.html[22m
[2m12:38:40 PM[22m [36m[1m[vite][22m[39m [32mhmr update [39m[2m/src/App.jsx[22m
[2m12:38:40 PM[22m [36m[1m[vite][22m[39m [32mhmr update [39m[2m/src/styles.css[22m
[2m12:38:40 PM[22m [36m[1m[vite][22m[39m [32mhmr update [39m[2m/src/App.jsx, /src/pages/AuthPage.jsx[22m
[2m12:38:40 PM[22m [36m[1m[vite][22m[39m [32mhmr update [39m[2m/src/App.jsx, /src/pages/AuthPage.jsx[22m
[2m12:38:40 PM[22m [36m[1m[vite][22m[39m [32mhmr update [39m[2m/src/pages/AuthPage.jsx[22m
[2m12:38:40 PM[22m [36m[1m[vite][22m[39m server restarted.
[2m12:38:50 PM[22m [36m[1m[vite][22m[39m [32mvite.config.js changed, restarting server...[39m
[2m12:38:50 PM[22m [36m[1m[vite][22m[39m [32mpage reload [39m[2mindex.html[22m
[2m12:38:50 PM[22m [36m[1m[vite][22m[39m server restarted.
[2m12:38:54 PM[22m [36m[1m[vite][22m[39m [32mvite.config.js changed, restarting server...[39m
[2m12:38:54 PM[22m [36m[1m[vite][22m[39m [32mpage reload [39m[2msrc/main.jsx[22m
[2m12:38:54 PM[22m [36m[1m[vite][22m[39m [32mpage reload [39m[2mindex.html[22m
[2m12:38:54 PM[22m [36m[1m[vite][22m[39m [32mhmr update [39m[2m/src/App.jsx[22m
[2m12:38:54 PM[22m [36m[1m[vite][22m[39m [32mhmr update [39m[2m/src/styles.css[22m
[2m12:38:54 PM[22m [36m[1m[vite][22m[39m server restarted.
[2m12:38:59 PM[22m [36m[1m[vite][22m[39m [32mvite.config.js changed, restarting server...[39m
[2m12:38:59 PM[22m [36m[1m[vite][22m[39m [32mpage reload [39m[2mindex.html[22m
[2m12:38:59 PM[22m [36m[1m[vite][22m[39m server restarted.
[2m12:39:03 PM[22m [36m[1m[vite][22m[39m [32mpage reload [39m[2msrc/main.jsx[22m
[2m12:39:03 PM[22m [36m[1m[vite][22m[39m [32mvite.config.js changed, restarting server...[39m
[2m12:39:03 PM[22m [36m[1m[vite][22m[39m [32mpage reload [39m[2mindex.html[22m
[2m12:39:03 PM[22m [36m[1m[vite][22m[39m [32mhmr update [39m[2m/src/App.jsx[22m
[2m12:39:03 PM[22m [36m[1m[vite][22m[39m [32mhmr update [39m[2m/src/styles.css[22m
[2m12:39:03 PM[22m [36m[1m[vite][22m[39m server restarted.
[2m12:40:03 PM[22m [36m[1m[vite][22m[39m [32mvite.config.js changed, restarting server...[39m
[2m12:40:03 PM[22m [36m[1m[vite][22m[39m [32mpage reload [39m[2msrc/main.jsx[22m
[2m12:40:03 PM[22m [36m[1m[vite][22m[39m [32mpage reload [39m[2mindex.html[22m
[2m12:40:03 PM[22m [36m[1m[vite][22m[39m [32mhmr update [39m[2m/src/App.jsx[22m
[2m12:40:03 PM[22m [36m[1m[vite][22m[39m [32mhmr update [39m[2m/src/styles.css[22m
[2m12:40:03 PM[22m [36m[1m[vite][22m[39m [32mhmr update [39m[2m/src/App.jsx, /src/pages/AuthPage.jsx[22m
[2m12:40:03 PM[22m [36m[1m[vite][22m[39m [32mhmr update [39m[2m/src/App.jsx, /src/pages/AuthPage.jsx[22m
[2m12:40:03 PM[22m [36m[1m[vite][22m[39m [32mhmr update [39m[2m/src/pages/AuthPage.jsx[22m
[2m12:40:03 PM[22m [36m[1m[vite][22m[39m server restarted.
[2m12:40:08 PM[22m [36m[1m[vite][22m[39m [32mvite.config.js changed, restarting server...[39m
[2m12:40:08 PM[22m [36m[1m[vite][22m[39m [32mpage reload [39m[2mindex.html[22m
[2m12:40:08 PM[22m [36m[1m[vite][22m[39m [32mpage reload [39m[2msrc/main.jsx[22m
[2m12:40:08 PM[22m [36m[1m[vite][22m[39m [32mhmr update [39m[2m/src/App.jsx, /src/pages/AuthPage.jsx[22m
[2m12:40:08 PM[22m [36m[1m[vite][22m[39m [32mhmr update [39m[2m/src/App.jsx[22m
[2m12:40:08 PM[22m [36m[1m[vite][22m[39m [32mhmr update [39m[2m/src/styles.css[22m
[2m12:40:08 PM[22m [36m[1m[vite][22m[39m [32mhmr update [39m[2m/src/App.jsx, /src/pages/AuthPage.jsx[22m
[2m12:40:08 PM[22m [36m[1m[vite][22m[39m [32mhmr update [39m[2m/src/pages/AuthPage.jsx[22m
[2m12:40:08 PM[22m [36m[1m[vite][22m[39m server restarted.
[2m12:40:18 PM[22m [36m[1m[vite][22m[39m [32mvite.config.js changed, restarting server...[39m
[2m12:40:18 PM[22m [36m[1m[vite][22m[39m [32mpage reload [39m[2mindex.html[22m
[2m12:40:18 PM[22m [36m[1m[vite][22m[39m [32mpage reload [39m[2msrc/main.jsx[22m
[2m12:40:18 PM[22m [36m[1m[vite][22m[39m [32mhmr update [39m[2m/src/App.jsx[22m
[2m12:40:18 PM[22m [36m[1m[vite][22m[39m [32mhmr update [39m[2m/src/styles.css[22m
[2m12:40:18 PM[22m [36m[1m[vite][22m[39m [32mhmr update [39m[2m/src/App.jsx, /src/pages/AuthPage.jsx[22m
[2m12:40:18 PM[22m [36m[1m[vite][22m[39m [32mhmr update [39m[2m/src/App.jsx, /src/pages/AuthPage.jsx[22m
[2m12:40:18 PM[22m [36m[1m[vite][22m[39m [32mhmr update [39m[2m/src/pages/AuthPage.jsx[22m
[2m12:40:18 PM[22m [36m[1m[vite][22m[39m server restarted.
[2m12:40:22 PM[22m [36m[1m[vite][22m[39m [32mvite.config.js changed, restarting server...[39m
[2m12:40:22 PM[22m [36m[1m[vite][22m[39m [32mpage reload [39m[2mindex.html[22m
[2m12:40:22 PM[22m [36m[1m[vite][22m[39m [32mpage reload [39m[2msrc/main.jsx[22m
[2m12:40:22 PM[22m [36m[1m[vite][22m[39m [32mhmr update [39m[2m/src/App.jsx, /src/pages/AuthPage.jsx[22m
[2m12:40:22 PM[22m [36m[1m[vite][22m[39m [32mhmr update [39m[2m/src/App.jsx, /src/pages/AuthPage.jsx[22m
[2m12:40:22 PM[22m [36m[1m[vite][22m[39m [32mhmr update [39m[2m/src/App.jsx[22m
[2m12:40:22 PM[22m [36m[1m[vite][22m[39m [32mhmr update [39m[2m/src/styles.css[22m
[2m12:40:22 PM[22m [36m[1m[vite][22m[39m [32mhmr update [39m[2m/src/pages/AuthPage.jsx[22m
[2m12:40:22 PM[22m [36m[1m[vite][22m[39m server restarted.
[2m12:40:27 PM[22m [36m[1m[vite][22m[39m [32mvite.config.js changed, restarting server...[39m
[2m12:40:28 PM[22m [36m[1m[vite][22m[39m [32mpage reload [39m[2mindex.html[22m
[2m12:40:28 PM[22m [36m[1m[vite][22m[39m [32mpage reload [39m[2msrc/main.jsx[22m
[2m12:40:28 PM[22m [36m[1m[vite][22m[39m [32mhmr update [39m[2m/src/App.jsx, /src/pages/AuthPage.jsx[22m
[2m12:40:28 PM[22m [36m[1m[vite][22m[39m [32mhmr update [39m[2m/src/App.jsx[22m
[2m12:40:28 PM[22m [36m[1m[vite][22m[39m [32mhmr update [39m[2m/src/styles.css[22m
[2m12:40:28 PM[22m [36m[1m[vite][22m[39m [32mhmr update [39m[2m/src/App.jsx, /src/pages/AuthPage.jsx[22m
[2m12:40:28 PM[22m [36m[1m[vite][22m[39m [32mhmr update [39m[2m/src/pages/AuthPage.jsx[22m
[2m12:40:28 PM[22m [36m[1m[vite][22m[39m server restarted.
[2m12:40:33 PM[22m [36m[1m[vite][22m[39m [32mvite.config.js changed, restarting server...[39m
[2m12:40:33 PM[22m [36m[1m[vite][22m[39m [32mpage reload [39m[2mindex.html[22m
[2m12:40:33 PM[22m [36m[1m[vite][22m[39m [32mpage reload [39m[2msrc/main.jsx[22m
[2m12:40:33 PM[22m [36m[1m[vite][22m[39m [32mhmr update [39m[2m/src/App.jsx[22m
[2m12:40:33 PM[22m [36m[1m[vite][22m[39m [32mhmr update [39m[2m/src/styles.css[22m
[2m12:40:33 PM[22m [36m[1m[vite][22m[39m [32mhmr update [39m[2m/src/App.jsx, /src/pages/AuthPage.jsx[22m
[2m12:40:33 PM[22m [36m[1m[vite][22m[39m [32mhmr update [39m[2m/src/App.jsx, /src/pages/AuthPage.jsx[22m
[2m12:40:33 PM[22m [36m[1m[vite][22m[39m [32mhmr update [39m[2m/src/pages/AuthPage.jsx[22m
[2m12:40:33 PM[22m [36m[1m[vite][22m[39m server restarted.
[2m12:41:27 PM[22m [36m[1m[vite][22m[39m [32mvite.config.js changed, restarting server...[39m
[2m12:41:27 PM[22m [36m[1m[vite][22m[39m [32mpage reload [39m[2mindex.html[22m
[2m12:41:27 PM[22m [36m[1m[vite][22m[39m [32mpage reload [39m[2msrc/main.jsx[22m
[2m12:41:27 PM[22m [36m[1m[vite][22m[39m [32mhmr update [39m[2m/src/pages/AuthPage.jsx, /src/App.jsx[22m
[2m12:41:27 PM[22m [36m[1m[vite][22m[39m [32mhmr update [39m[2m/src/App.jsx[22m
[2m12:41:27 PM[22m [36m[1m[vite][22m[39m [32mhmr update [39m[2m/src/styles.css[22m
[2m12:41:27 PM[22m [36m[1m[vite][22m[39m [32mhmr update [39m[2m/src/pages/AuthPage.jsx, /src/App.jsx[22m
[2m12:41:27 PM[22m [36m[1m[vite][22m[39m [32mhmr update [39m[2m/src/pages/AuthPage.jsx[22m
[2m12:41:27 PM[22m [36m[1m[vite][22m[39m server restarted.
[2m12:41:31 PM[22m [36m[1m[vite][22m[39m [32mvite.config.js changed, restarting server...[39m
[2m12:41:31 PM[22m [36m[1m[vite][22m[39m [32mpage reload [39m[2mindex.html[22m
[2m12:41:31 PM[22m [36m[1m[vite][22m[39m [32mpage reload [39m[2msrc/main.jsx[22m
[2m12:41:31 PM[22m [36m[1m[vite][22m[39m [32mhmr update [39m[2m/src/pages/AuthPage.jsx, /src/App.jsx, /src/pages/TasksPage.jsx[22m
[2m12:41:31 PM[22m [36m[1m[vite][22m[39m [32mhmr update [39m[2m/src/pages/AuthPage.jsx, /src/App.jsx, /src/pages/TasksPage.jsx[22m
[2m12:41:31 PM[22m [36m[1m[vite][22m[39m [32mhmr update [39m[2m/src/App.jsx[22m
[2m12:41:31 PM[22m [36m[1m[vite][22m[39m [32mhmr update [39m[2m/src/styles.css[22m
[2m12:41:31 PM[22m [36m[1m[vite][22m[39m [32mhmr update [39m[2m/src/pages/AuthPage.jsx[22m
[2m12:41:31 PM[22m [36m[1m[vite][22m[39m [32mhmr update [39m[2m/src/pages/TasksPage.jsx[22m
[2m12:41:31 PM[22m [36m[1m[vite][22m[39m server restarted.
[2m12:58:40 PM[22m [36m[1m[vite][22m[39m [32mpage reload [39m[2msrc/main.jsx[22m
[2m12:58:40 PM[22m [36m[1m[vite][22m[39m [32mhmr update [39m[2m/src/pages/AuthPage.jsx, /src/App.jsx, /src/pages/TasksPage.jsx[22m
[2m12:58:40 PM[22m [36m[1m[vite][22m[39m [32mhmr update [39m[2m/src/pages/AuthPage.jsx, /src/App.jsx, /src/pages/TasksPage.jsx[22m
[2m12:58:40 PM[22m [36m[1m[vite][22m[39m [32mhmr update [39m[2m/src/pages/AuthPage.jsx[22m
[2m12:58:40 PM[22m [36m[1m[vite][22m[39m [32mvite.config.js changed, restarting server...[39m
[2m12:58:41 PM[22m [36m[1m[vite][22m[39m [32mpage reload [39m[2mindex.html[22m
[2m12:58:41 PM[22m [36m[1m[vite][22m[39m [32mhmr update [39m[2m/src/App.jsx[22m
[2m12:58:41 PM[22m [36m[1m[vite][22m[39m [32mhmr update [39m[2m/src/styles.css[22m
[2m12:58:41 PM[22m [36m[1m[vite][22m[39m [32mhmr update [39m[2m/src/pages/TasksPage.jsx[22m
[2m12:58:41 PM[22m [36m[1m[vite][22m[39m server restarted.

> generated-story-frontend@0.0.1 dev
> vite --host 0.0.0.0 --port 5174 --host 127.0.0.1 --port 5174


  [32m[1mVITE[22m v5.4.21[39m  [2mready in [0m[1m689[22m[2m[0m ms[22m

  [32m➜[39m  [1mLocal[22m:   [36mhttp://127.0.0.1:[1m5174[22m/[39m
[2m[32m  ➜[39m[22m[2m  press [22m[1mh + enter[22m[2m to show help[22m

> generated-story-frontend@0.0.1 dev
> vite --host 0.0.0.0 --port 5174 --host 127.0.0.1 --port 5174


  [32m[1mVITE[22m v5.4.21[39m  [2mready in [0m[1m854[22m[2m[0m ms[22m

  [32m➜[39m  [1mLocal[22m:   [36mhttp://127.0.0.1:[1m5174[22m/[39m
[2m[32m  ➜[39m[22m[2m  press [22m[1mh + enter[22m[2m to show help[22m
[2m2:50:34 PM[22m [36m[1m[vite][22m[39m [32mpage reload [39m[2msrc/main.jsx[22m
[2m2:50:34 PM[22m [36m[1m[vite][22m[39m [32mhmr update [39m[2m/src/App.jsx, /src/pages/AuthPage.jsx, /src/pages/TasksPage.jsx[22m
[2m2:50:34 PM[22m [36m[1m[vite][22m[39m [32mhmr update [39m[2m/src/App.jsx, /src/pages/AuthPage.jsx, /src/pages/TasksPage.jsx[22m
[2m2:50:34 PM[22m [36m[1m[vite][22m[39m [32mvite.config.js changed, restarting server...[39m
[2m2:50:34 PM[22m [36m[1m[vite][22m[39m [32mpage reload [39m[2mindex.html[22m
[2m2:50:34 PM[22m [36m[1m[vite][22m[39m [32mhmr update [39m[2m/src/App.jsx[22m
[2m2:50:34 PM[22m [36m[1m[vite][22m[39m [32mhmr update [39m[2m/src/styles.css[22m
[2m2:50:35 PM[22m [36m[1m[vite][22m[39m [32mpage reload [39m[2mindex.html[22m
[2m2:50:35 PM[22m [36m[1m[vite][22m[39m server restarted.
[2m2:51:39 PM[22m [36m[1m[vite][22m[39m [32mpage reload [39m[2mindex.html[22m
[2m2:52:28 PM[22m [36m[1m[vite][22m[39m [32mpage reload [39m[2mindex.html[22m

> generated-story-frontend@0.0.1 dev
> vite --host 0.0.0.0 --port 5174 --host 127.0.0.1 --port 5174


  [32m[1mVITE[22m v5.4.21[39m  [2mready in [0m[1m983[22m[2m[0m ms[22m

  [32m➜[39m  [1mLocal[22m:   [36mhttp://127.0.0.1:[1m5174[22m/[39m
[2m[32m  ➜[39m[22m[2m  press [22m[1mh + enter[22m[2m to show help[22m
[2m3:03:07 PM[22m [36m[1m[vite][22m[39m [32mpage reload [39m[2mindex.html[22m
[2m3:03:45 PM[22m [36m[1m[vite][22m[39m [32mpage reload [39m[2mindex.html[22m

> generated-story-frontend@0.0.1 dev
> vite --host 0.0.0.0 --port 5174 --host 127.0.0.1 --port 5174


  [32m[1mVITE[22m v5.4.21[39m  [2mready in [0m[1m405[22m[2m[0m ms[22m

  [32m➜[39m  [1mLocal[22m:   [36mhttp://127.0.0.1:[1m5174[22m/[39m
[2m[32m  ➜[39m[22m[2m  press [22m[1mh + enter[22m[2m to show help[22m

> generated-story-frontend@0.0.1 dev
> vite --host 0.0.0.0 --port 5174 --host 127.0.0.1 --port 5174


  [32m[1mVITE[22m v5.4.21[39m  [2mready in [0m[1m387[22m[2m[0m ms[22m

  [32m➜[39m  [1mLocal[22m:   [36mhttp://127.0.0.1:[1m5174[22m/[39m
[2m[32m  ➜[39m[22m[2m  press [22m[1mh + enter[22m[2m to show help[22m

> generated-story-frontend@0.0.1 dev
> vite --host 0.0.0.0 --port 5174 --host 127.0.0.1 --port 5174


  [32m[1mVITE[22m v5.4.21[39m  [2mready in [0m[1m373[22m[2m[0m ms[22m

  [32m➜[39m  [1mLocal[22m:   [36mhttp://127.0.0.1:[1m5174[22m/[39m
[2m[32m  ➜[39m[22m[2m  press [22m[1mh + enter[22m[2m to show help[22m

> generated-story-frontend@0.0.1 dev
> vite --host 0.0.0.0 --port 5174 --host 127.0.0.1 --port 5174


  [32m[1mVITE[22m v5.4.21[39m  [2mready in [0m[1m1242[22m[2m[0m ms[22m

  [32m➜[39m  [1mLocal[22m:   [36mhttp://127.0.0.1:[1m5174[22m/[39m
[2m[32m  ➜[39m[22m[2m  press [22m[1mh + enter[22m[2m to show help[22m
[2m3:46:38 PM[22m [36m[1m[vite][22m[39m [32mvite.config.js changed, restarting server...[39m
[2m3:46:38 PM[22m [36m[1m[vite][22m[39m [32mpage reload [39m[2msrc/main.jsx[22m
[2m3:46:38 PM[22m [36m[1m[vite][22m[39m [32mpage reload [39m[2mindex.html[22m
[2m3:46:38 PM[22m [36m[1m[vite][22m[39m [32mhmr update [39m[2m/src/App.jsx, /src/pages/AuthPage.jsx, /src/pages/TasksPage.jsx[22m
[2m3:46:38 PM[22m [36m[1m[vite][22m[39m [32mhmr update [39m[2m/src/App.jsx, /src/pages/AuthPage.jsx, /src/pages/TasksPage.jsx[22m
[2m3:46:38 PM[22m [36m[1m[vite][22m[39m [32mhmr update [39m[2m/src/pages/AuthPage.jsx[22m
[2m3:46:38 PM[22m [36m[1m[vite][22m[39m [32mhmr update [39m[2m/src/App.jsx[22m
[2m3:46:38 PM[22m [36m[1m[vite][22m[39m [32mhmr update [39m[2m/src/styles.css[22m
[2m3:46:38 PM[22m [36m[1m[vite][22m[39m [32mhmr update [39m[2m/src/pages/TasksPage.jsx[22m
[2m3:46:38 PM[22m [36m[1m[vite][22m[39m server restarted.

> generated-story-frontend@0.0.1 dev
> vite --host 0.0.0.0 --port 5174 --host 127.0.0.1 --port 5174


  [32m[1mVITE[22m v5.4.21[39m  [2mready in [0m[1m402[22m[2m[0m ms[22m

  [32m➜[39m  [1mLocal[22m:   [36mhttp://127.0.0.1:[1m5174[22m/[39m
[2m[32m  ➜[39m[22m[2m  press [22m[1mh + enter[22m[2m to show help[22m

> generated-story-frontend@0.0.1 dev
> vite --host 0.0.0.0 --port 5174 --host 127.0.0.1 --port 5174


  [32m[1mVITE[22m v5.4.21[39m  [2mready in [0m[1m825[22m[2m[0m ms[22m

  [32m➜[39m  [1mLocal[22m:   [36mhttp://127.0.0.1:[1m5174[22m/[39m
[2m[32m  ➜[39m[22m[2m  press [22m[1mh + enter[22m[2m to show help[22m

> generated-story-frontend@0.0.1 dev
> vite --host 0.0.0.0 --port 5174 --host 127.0.0.1 --port 5174


  [32m[1mVITE[22m v5.4.21[39m  [2mready in [0m[1m396[22m[2m[0m ms[22m

  [32m➜[39m  [1mLocal[22m:   [36mhttp://127.0.0.1:[1m5174[22m/[39m
[2m[32m  ➜[39m[22m[2m  press [22m[1mh + enter[22m[2m to show help[22m
[2m12:42:52 PM[22m [36m[1m[vite][22m[39m [32mvite.config.js changed, restarting server...[39m
[2m12:42:52 PM[22m [36m[1m[vite][22m[39m [32mpage reload [39m[2mindex.html[22m
[2m12:42:52 PM[22m [36m[1m[vite][22m[39m [32mpage reload [39m[2msrc/main.jsx[22m
[2m12:42:52 PM[22m [36m[1m[vite][22m[39m [32mhmr update [39m[2m/src/App.jsx[22m
[2m12:42:52 PM[22m [36m[1m[vite][22m[39m [32mhmr update [39m[2m/src/styles.css[22m
[2m12:42:52 PM[22m [36m[1m[vite][22m[39m [32mhmr update [39m[2m/src/App.jsx, /src/pages/AuthPage.jsx, /src/pages/TasksPage.jsx[22m
[2m12:42:52 PM[22m [36m[1m[vite][22m[39m [32mhmr update [39m[2m/src/App.jsx, /src/pages/AuthPage.jsx, /src/pages/TasksPage.jsx[22m
[2m12:42:52 PM[22m [36m[1m[vite][22m[39m [32mhmr update [39m[2m/src/pages/AuthPage.jsx[22m
[2m12:42:52 PM[22m [36m[1m[vite][22m[39m [32mhmr update [39m[2m/src/pages/TasksPage.jsx[22m
[2m12:42:52 PM[22m [36m[1m[vite][22m[39m server restarted.
[2m12:42:52 PM[22m [36m[1m[vite][22m[39m [32mvite.config.js changed, restarting server...[39m
[2m12:42:52 PM[22m [36m[1m[vite][22m[39m server restarted.

> generated-story-frontend@0.0.1 dev
> vite --host 0.0.0.0 --port 5174 --host 127.0.0.1 --port 5174


  [32m[1mVITE[22m v5.4.21[39m  [2mready in [0m[1m412[22m[2m[0m ms[22m

  [32m➜[39m  [1mLocal[22m:   [36mhttp://127.0.0.1:[1m5174[22m/[39m
[2m[32m  ➜[39m[22m[2m  press [22m[1mh + enter[22m[2m to show help[22m

> generated-story-frontend@0.0.1 dev
> vite --host 0.0.0.0 --port 5174 --host 127.0.0.1 --port 5174


  [32m[1mVITE[22m v5.4.21[39m  [2mready in [0m[1m410[22m[2m[0m ms[22m

  [32m➜[39m  [1mLocal[22m:   [36mhttp://127.0.0.1:[1m5174[22m/[39m
[2m[32m  ➜[39m[22m[2m  press [22m[1mh + enter[22m[2m to show help[22m
[2m1:10:36 PM[22m [36m[1m[vite][22m[39m [32mvite.config.js changed, restarting server...[39m
[2m1:10:36 PM[22m [36m[1m[vite][22m[39m [32mpage reload [39m[2mindex.html[22m
[2m1:10:36 PM[22m [36m[1m[vite][22m[39m [32mvite.config.js changed, restarting server...[39m
[2m1:10:36 PM[22m [36m[1m[vite][22m[39m [32mpage reload [39m[2msrc/main.jsx[22m
[2m1:10:36 PM[22m [36m[1m[vite][22m[39m [32mhmr update [39m[2m/src/App.jsx, /src/pages/AuthPage.jsx, /src/pages/TasksPage.jsx[22m
[2m1:10:36 PM[22m [36m[1m[vite][22m[39m [32mhmr update [39m[2m/src/App.jsx, /src/pages/AuthPage.jsx, /src/pages/TasksPage.jsx[22m
[2m1:10:36 PM[22m [36m[1m[vite][22m[39m [32mhmr update [39m[2m/src/pages/AuthPage.jsx[22m
[2m1:10:36 PM[22m [36m[1m[vite][22m[39m [32mhmr update [39m[2m/src/App.jsx[22m
[2m1:10:36 PM[22m [36m[1m[vite][22m[39m [32mhmr update [39m[2m/src/styles.css[22m
[2m1:10:36 PM[22m [36m[1m[vite][22m[39m [32mhmr update [39m[2m/src/pages/TasksPage.jsx[22m
[2m1:10:36 PM[22m [36m[1m[vite][22m[39m server restarted.

> generated-story-frontend@0.0.1 dev
> vite --host 0.0.0.0 --port 5174 --host 127.0.0.1 --port 5174


  [32m[1mVITE[22m v5.4.21[39m  [2mready in [0m[1m404[22m[2m[0m ms[22m

  [32m➜[39m  [1mLocal[22m:   [36mhttp://127.0.0.1:[1m5174[22m/[39m
[2m[32m  ➜[39m[22m[2m  press [22m[1mh + enter[22m[2m to show help[22m

> generated-story-frontend@0.0.1 dev
> vite --host 0.0.0.0 --port 5174 --host 127.0.0.1 --port 5174


> generated-story-frontend@0.0.1 dev
> vite --host 0.0.0.0 --port 5174 --host 127.0.0.1 --port 5174


  [32m[1mVITE[22m v5.4.21[39m  [2mready in [0m[1m1903[22m[2m[0m ms[22m

  [32m➜[39m  [1mLocal[22m:   [36mhttp://127.0.0.1:[1m5174[22m/[39m
[2m[32m  ➜[39m[22m[2m  press [22m[1mh + enter[22m[2m to show help[22m

> generated-story-frontend@0.0.1 dev
> vite --host 0.0.0.0 --port 5174 --host 127.0.0.1 --port 5174


  [32m[1mVITE[22m v5.4.21[39m  [2mready in [0m[1m1063[22m[2m[0m ms[22m

  [32m➜[39m  [1mLocal[22m:   [36mhttp://127.0.0.1:[1m5174[22m/[39m
[2m[32m  ➜[39m[22m[2m  press [22m[1mh + enter[22m[2m to show help[22m
[2m1:47:50 PM[22m [36m[1m[vite][22m[39m [32mpage reload [39m[2msrc/main.jsx[22m
[2m1:47:50 PM[22m [36m[1m[vite][22m[39m [32mhmr update [39m[2m/src/App.jsx, /src/pages/AuthPage.jsx, /src/pages/TasksPage.jsx[22m
[2m1:47:50 PM[22m [36m[1m[vite][22m[39m [32mhmr update [39m[2m/src/App.jsx, /src/pages/AuthPage.jsx, /src/pages/TasksPage.jsx[22m
[2m1:47:50 PM[22m [36m[1m[vite][22m[39m [32mhmr update [39m[2m/src/pages/AuthPage.jsx[22m
[2m1:47:50 PM[22m [36m[1m[vite][22m[39m [32mvite.config.js changed, restarting server...[39m
[2m1:47:50 PM[22m [36m[1m[vite][22m[39m [32mpage reload [39m[2mindex.html[22m
[2m1:47:50 PM[22m [36m[1m[vite][22m[39m [32mpage reload [39m[2msrc/main.jsx[22m
[2m1:47:50 PM[22m [36m[1m[vite][22m[39m [32mhmr update [39m[2m/src/App.jsx[22m
[2m1:47:50 PM[22m [36m[1m[vite][22m[39m [32mhmr update [39m[2m/src/styles.css[22m
[2m1:47:50 PM[22m [36m[1m[vite][22m[39m [32mhmr update [39m[2m/src/pages/TasksPage.jsx[22m
[2m1:47:51 PM[22m [36m[1m[vite][22m[39m server restarted.

> generated-story-frontend@0.0.1 dev
> vite --host 0.0.0.0 --port 5174 --host 127.0.0.1 --port 5174


  [32m[1mVITE[22m v5.4.21[39m  [2mready in [0m[1m2181[22m[2m[0m ms[22m

  [32m➜[39m  [1mLocal[22m:   [36mhttp://127.0.0.1:[1m5174[22m/[39m
[2m[32m  ➜[39m[22m[2m  press [22m[1mh + enter[22m[2m to show help[22m

> generated-story-frontend@0.0.1 dev
> vite --host 0.0.0.0 --port 5174 --host 127.0.0.1 --port 5174


  [32m[1mVITE[22m v5.4.21[39m  [2mready in [0m[1m1137[22m[2m[0m ms[22m

  [32m➜[39m  [1mLocal[22m:   [36mhttp://127.0.0.1:[1m5174[22m/[39m
[2m[32m  ➜[39m[22m[2m  press [22m[1mh + enter[22m[2m to show help[22m

> generated-story-frontend@0.0.1 dev
> vite --host 0.0.0.0 --port 5174 --host 127.0.0.1 --port 5174


  [32m[1mVITE[22m v5.4.21[39m  [2mready in [0m[1m422[22m[2m[0m ms[22m

  [32m➜[39m  [1mLocal[22m:   [36mhttp://127.0.0.1:[1m5174[22m/[39m
[2m[32m  ➜[39m[22m[2m  press [22m[1mh + enter[22m[2m to show help[22m
[2m3:55:24 PM[22m [36m[1m[vite][22m[39m [32mvite.config.js changed, restarting server...[39m
[2m3:55:24 PM[22m [36m[1m[vite][22m[39m [32mpage reload [39m[2msrc/main.jsx[22m
[2m3:55:24 PM[22m [36m[1m[vite][22m[39m [32mhmr update [39m[2m/src/App.jsx, /src/pages/TasksPage.jsx, /src/pages/AuthPage.jsx[22m
[2m3:55:24 PM[22m [36m[1m[vite][22m[39m [32mhmr update [39m[2m/src/App.jsx, /src/pages/TasksPage.jsx, /src/pages/AuthPage.jsx[22m
[2m3:55:24 PM[22m [36m[1m[vite][22m[39m [32mhmr update [39m[2m/src/pages/AuthPage.jsx[22m
[2m3:55:24 PM[22m [36m[1m[vite][22m[39m [32mpage reload [39m[2mindex.html[22m
[2m3:55:24 PM[22m [36m[1m[vite][22m[39m [32mhmr update [39m[2m/src/App.jsx[22m
[2m3:55:24 PM[22m [36m[1m[vite][22m[39m [32mhmr update [39m[2m/src/styles.css[22m
[2m3:55:24 PM[22m [36m[1m[vite][22m[39m [32mhmr update [39m[2m/src/pages/TasksPage.jsx[22m
[2m3:55:24 PM[22m [36m[1m[vite][22m[39m server restarted.

> generated-story-frontend@0.0.1 dev
> vite --host 0.0.0.0 --port 5174 --host 127.0.0.1 --port 5174


  [32m[1mVITE[22m v5.4.21[39m  [2mready in [0m[1m960[22m[2m[0m ms[22m

  [32m➜[39m  [1mLocal[22m:   [36mhttp://127.0.0.1:[1m5174[22m/[39m
[2m[32m  ➜[39m[22m[2m  press [22m[1mh + enter[22m[2m to show help[22m
[2m3:00:39 PM[22m [36m[1m[vite][22m[39m [32mvite.config.js changed, restarting server...[39m
[2m3:00:39 PM[22m [36m[1m[vite][22m[39m [32mpage reload [39m[2msrc/main.jsx[22m
[2m3:00:39 PM[22m [36m[1m[vite][22m[39m [32mhmr update [39m[2m/src/App.jsx, /src/pages/AuthPage.jsx, /src/pages/TasksPage.jsx[22m
[2m3:00:39 PM[22m [36m[1m[vite][22m[39m [32mhmr update [39m[2m/src/App.jsx, /src/pages/AuthPage.jsx, /src/pages/TasksPage.jsx[22m
[2m3:00:39 PM[22m [36m[1m[vite][22m[39m [32mpage reload [39m[2mindex.html[22m
[2m3:00:39 PM[22m [36m[1m[vite][22m[39m [32mvite.config.js changed, restarting server...[39m
[2m3:00:39 PM[22m [36m[1m[vite][22m[39m [32mhmr update [39m[2m/src/App.jsx[22m
[2m3:00:39 PM[22m [36m[1m[vite][22m[39m [32mhmr update [39m[2m/src/styles.css[22m
[2m3:00:39 PM[22m [36m[1m[vite][22m[39m [32mhmr update [39m[2m/src/pages/AuthPage.jsx[22m
[2m3:00:39 PM[22m [36m[1m[vite][22m[39m [32mhmr update [39m[2m/src/pages/TasksPage.jsx[22m
[2m3:00:40 PM[22m [36m[1m[vite][22m[39m server restarted.
[2m3:01:58 PM[22m [36m[1m[vite][22m[39m [32mvite.config.js changed, restarting server...[39m
[2m3:01:58 PM[22m [36m[1m[vite][22m[39m [32mpage reload [39m[2msrc/main.jsx[22m
[2m3:01:58 PM[22m [36m[1m[vite][22m[39m [32mpage reload [39m[2mindex.html[22m
[2m3:01:58 PM[22m [36m[1m[vite][22m[39m [32mhmr update [39m[2m/src/App.jsx[22m
[2m3:01:58 PM[22m [36m[1m[vite][22m[39m [32mhmr update [39m[2m/src/styles.css[22m
[2m3:01:58 PM[22m [36m[1m[vite][22m[39m [32mhmr update [39m[2m/src/App.jsx, /src/pages/TasksPage.jsx, /src/pages/AuthPage.jsx[22m
[2m3:01:58 PM[22m [36m[1m[vite][22m[39m [32mhmr update [39m[2m/src/App.jsx, /src/pages/TasksPage.jsx, /src/pages/AuthPage.jsx[22m
[2m3:01:58 PM[22m [36m[1m[vite][22m[39m [32mhmr update [39m[2m/src/pages/AuthPage.jsx[22m
[2m3:01:58 PM[22m [36m[1m[vite][22m[39m [32mhmr update [39m[2m/src/pages/TasksPage.jsx[22m
[2m3:01:59 PM[22m [36m[1m[vite][22m[39m [32mpage reload [39m[2msrc/main.jsx[22m
[2m3:01:59 PM[22m [36m[1m[vite][22m[39m [32mhmr update [39m[2m/src/App.jsx, /src/pages/TasksPage.jsx, /src/pages/AuthPage.jsx[22m
[2m3:01:59 PM[22m [36m[1m[vite][22m[39m [32mhmr update [39m[2m/src/App.jsx, /src/pages/TasksPage.jsx, /src/pages/AuthPage.jsx[22m
[2m3:01:59 PM[22m [36m[1m[vite][22m[39m [32mvite.config.js changed, restarting server...[39m
[2m3:01:59 PM[22m [36m[1m[vite][22m[39m [32mpage reload [39m[2mindex.html[22m
[2m3:01:59 PM[22m [36m[1m[vite][22m[39m [32mhmr update [39m[2m/src/App.jsx[22m
[2m3:01:59 PM[22m [36m[1m[vite][22m[39m [32mhmr update [39m[2m/src/styles.css[22m
[2m3:01:59 PM[22m [36m[1m[vite][22m[39m [32mhmr update [39m[2m/src/pages/AuthPage.jsx[22m
[2m3:01:59 PM[22m [36m[1m[vite][22m[39m [32mhmr update [39m[2m/src/pages/TasksPage.jsx[22m
[2m3:01:59 PM[22m [36m[1m[vite][22m[39m server restarted.
[2m3:02:09 PM[22m [36m[1m[vite][22m[39m [32mvite.config.js changed, restarting server...[39m
[2m3:02:09 PM[22m [36m[1m[vite][22m[39m [32mpage reload [39m[2mindex.html[22m
[2m3:02:09 PM[22m [36m[1m[vite][22m[39m [32mpage reload [39m[2msrc/main.jsx[22m
[2m3:02:09 PM[22m [36m[1m[vite][22m[39m [32mhmr update [39m[2m/src/App.jsx, /src/pages/AuthPage.jsx, /src/pages/TasksPage.jsx[22m
[2m3:02:09 PM[22m [36m[1m[vite][22m[39m [32mhmr update [39m[2m/src/App.jsx, /src/pages/AuthPage.jsx, /src/pages/TasksPage.jsx[22m
[2m3:02:09 PM[22m [36m[1m[vite][22m[39m [32mhmr update [39m[2m/src/App.jsx[22m
[2m3:02:09 PM[22m [36m[1m[vite][22m[39m [32mhmr update [39m[2m/src/styles.css[22m
[2m3:02:09 PM[22m [36m[1m[vite][22m[39m [32mhmr update [39m[2m/src/pages/AuthPage.jsx[22m
[2m3:02:09 PM[22m [36m[1m[vite][22m[39m [32mhmr update [39m[2m/src/pages/TasksPage.jsx[22m
[2m3:02:09 PM[22m [36m[1m[vite][22m[39m [32mpage reload [39m[2msrc/main.jsx[22m
[2m3:02:09 PM[22m [36m[1m[vite][22m[39m [32mvite.config.js changed, restarting server...[39m
[2m3:02:09 PM[22m [36m[1m[vite][22m[39m [32mpage reload [39m[2mindex.html[22m
[2m3:02:09 PM[22m [36m[1m[vite][22m[39m [32mhmr update [39m[2m/src/App.jsx[22m
[2m3:02:09 PM[22m [36m[1m[vite][22m[39m [32mhmr update [39m[2m/src/styles.css[22m
[2m3:02:09 PM[22m [36m[1m[vite][22m[39m [32mhmr update [39m[2m/src/App.jsx, /src/pages/AuthPage.jsx, /src/pages/TasksPage.jsx[22m
[2m3:02:09 PM[22m [36m[1m[vite][22m[39m [32mhmr update [39m[2m/src/App.jsx, /src/pages/AuthPage.jsx, /src/pages/TasksPage.jsx[22m
[2m3:02:09 PM[22m [36m[1m[vite][22m[39m [32mhmr update [39m[2m/src/pages/AuthPage.jsx[22m
[2m3:02:09 PM[22m [36m[1m[vite][22m[39m [32mhmr update [39m[2m/src/pages/TasksPage.jsx[22m
[2m3:02:09 PM[22m [36m[1m[vite][22m[39m server restarted.

> generated-story-frontend@0.0.1 dev
> vite --host 0.0.0.0 --port 5174 --host 127.0.0.1 --port 5174


  [32m[1mVITE[22m v5.4.21[39m  [2mready in [0m[1m1473[22m[2m[0m ms[22m

  [32m➜[39m  [1mLocal[22m:   [36mhttp://127.0.0.1:[1m5174[22m/[39m
[2m[32m  ➜[39m[22m[2m  press [22m[1mh + enter[22m[2m to show help[22m
[2m11:20:04 AM[22m [36m[1m[vite][22m[39m [32mvite.config.js changed, restarting server...[39m
[2m11:20:04 AM[22m [36m[1m[vite][22m[39m [32mpage reload [39m[2mindex.html[22m
[2m11:20:04 AM[22m [36m[1m[vite][22m[39m [32mpage reload [39m[2msrc/main.jsx[22m
[2m11:20:04 AM[22m [36m[1m[vite][22m[39m [32mhmr update [39m[2m/src/App.jsx, /src/pages/AuthPage.jsx, /src/pages/TasksPage.jsx[22m
[2m11:20:04 AM[22m [36m[1m[vite][22m[39m [32mhmr update [39m[2m/src/App.jsx, /src/pages/AuthPage.jsx, /src/pages/TasksPage.jsx[22m
[2m11:20:04 AM[22m [36m[1m[vite][22m[39m [32mhmr update [39m[2m/src/pages/AuthPage.jsx[22m
[2m11:20:04 AM[22m [36m[1m[vite][22m[39m [32mhmr update [39m[2m/src/App.jsx[22m
[2m11:20:04 AM[22m [36m[1m[vite][22m[39m [32mhmr update [39m[2m/src/styles.css[22m
[2m11:20:04 AM[22m [36m[1m[vite][22m[39m [32mhmr update [39m[2m/src/pages/TasksPage.jsx[22m
[2m11:20:04 AM[22m [36m[1m[vite][22m[39m server restarted.
[2m11:20:04 AM[22m [36m[1m[vite][22m[39m [32mvite.config.js changed, restarting server...[39m
[2m11:20:04 AM[22m [36m[1m[vite][22m[39m server restarted.
[2m11:20:15 AM[22m [36m[1m[vite][22m[39m [32mvite.config.js changed, restarting server...[39m
[2m11:20:15 AM[22m [36m[1m[vite][22m[39m [32mpage reload [39m[2mindex.html[22m
[2m11:20:15 AM[22m [36m[1m[vite][22m[39m [32mpage reload [39m[2msrc/main.jsx[22m
[2m11:20:15 AM[22m [36m[1m[vite][22m[39m [32mhmr update [39m[2m/src/App.jsx, /src/pages/TasksPage.jsx, /src/pages/AuthPage.jsx[22m
[2m11:20:15 AM[22m [36m[1m[vite][22m[39m [32mhmr update [39m[2m/src/App.jsx, /src/pages/TasksPage.jsx, /src/pages/AuthPage.jsx[22m
[2m11:20:15 AM[22m [36m[1m[vite][22m[39m [32mhmr update [39m[2m/src/App.jsx[22m
[2m11:20:15 AM[22m [36m[1m[vite][22m[39m [32mhmr update [39m[2m/src/styles.css[22m
[2m11:20:15 AM[22m [36m[1m[vite][22m[39m [32mhmr update [39m[2m/src/pages/AuthPage.jsx[22m
[2m11:20:15 AM[22m [36m[1m[vite][22m[39m [32mhmr update [39m[2m/src/pages/TasksPage.jsx[22m
[2m11:20:15 AM[22m [36m[1m[vite][22m[39m server restarted.
[2m11:20:15 AM[22m [36m[1m[vite][22m[39m [32mvite.config.js changed, restarting server...[39m
[2m11:20:15 AM[22m [36m[1m[vite][22m[39m [32mpage reload [39m[2mindex.html[22m
[2m11:20:15 AM[22m [36m[1m[vite][22m[39m server restarted.
[2m11:25:58 AM[22m [36m[1m[vite][22m[39m [32mhmr update [39m[2m/src/App.jsx[22m
[2m11:25:58 AM[22m [36m[1m[vite][22m[39m [32mhmr update [39m[2m/src/pages/TasksPage.jsx[22m
[2m11:29:40 AM[22m [36m[1m[vite][22m[39m [32mhmr update [39m[2m/src/pages/TasksPage.jsx[22m
[2m11:30:15 AM[22m [36m[1m[vite][22m[39m [32mvite.config.js changed, restarting server...[39m
[2m11:30:15 AM[22m [36m[1m[vite][22m[39m [32mpage reload [39m[2msrc/main.jsx[22m
[2m11:30:15 AM[22m [36m[1m[vite][22m[39m [32mpage reload [39m[2mindex.html[22m
[2m11:30:15 AM[22m [36m[1m[vite][22m[39m [32mhmr update [39m[2m/src/App.jsx[22m
[2m11:30:15 AM[22m [36m[1m[vite][22m[39m [32mhmr update [39m[2m/src/styles.css[22m
[2m11:30:15 AM[22m [36m[1m[vite][22m[39m [32mhmr update [39m[2m/src/pages/TasksPage.jsx, /src/App.jsx, /src/pages/AuthPage.jsx[22m
[2m11:30:15 AM[22m [36m[1m[vite][22m[39m [32mhmr update [39m[2m/src/pages/TasksPage.jsx, /src/App.jsx, /src/pages/AuthPage.jsx[22m
[2m11:30:15 AM[22m [36m[1m[vite][22m[39m [32mhmr update [39m[2m/src/pages/AuthPage.jsx[22m
[2m11:30:15 AM[22m [36m[1m[vite][22m[39m [32mhmr update [39m[2m/src/pages/TasksPage.jsx[22m
[2m11:30:15 AM[22m [36m[1m[vite][22m[39m server restarted.
[2m11:32:39 AM[22m [36m[1m[vite][22m[39m [32mvite.config.js changed, restarting server...[39m
[2m11:32:39 AM[22m [36m[1m[vite][22m[39m [32mpage reload [39m[2mindex.html[22m
[2m11:32:39 AM[22m [36m[1m[vite][22m[39m [32mpage reload [39m[2msrc/main.jsx[22m
[2m11:32:39 AM[22m [36m[1m[vite][22m[39m [32mhmr update [39m[2m/src/pages/AuthPage.jsx, /src/App.jsx, /src/pages/TasksPage.jsx[22m
[2m11:32:39 AM[22m [36m[1m[vite][22m[39m [32mhmr update [39m[2m/src/pages/AuthPage.jsx, /src/App.jsx, /src/pages/TasksPage.jsx[22m
[2m11:32:39 AM[22m [36m[1m[vite][22m[39m [32mhmr update [39m[2m/src/App.jsx[22m
[2m11:32:39 AM[22m [36m[1m[vite][22m[39m [32mhmr update [39m[2m/src/styles.css[22m
[2m11:32:39 AM[22m [36m[1m[vite][22m[39m [32mhmr update [39m[2m/src/pages/AuthPage.jsx[22m
[2m11:32:39 AM[22m [36m[1m[vite][22m[39m [32mhmr update [39m[2m/src/pages/TasksPage.jsx[22m
[2m11:32:39 AM[22m [36m[1m[vite][22m[39m server restarted.
[2m11:32:39 AM[22m [36m[1m[vite][22m[39m [32mvite.config.js changed, restarting server...[39m
[2m11:32:39 AM[22m [36m[1m[vite][22m[39m [32mpage reload [39m[2mindex.html[22m
[2m11:32:39 AM[22m [36m[1m[vite][22m[39m server restarted.
[2m11:39:02 AM[22m [36m[1m[vite][22m[39m [32mpage reload [39m[2msrc/main.jsx[22m
[2m11:39:02 AM[22m [36m[1m[vite][22m[39m [32mhmr update [39m[2m/src/App.jsx, /src/pages/TasksPage.jsx, /src/pages/AuthPage.jsx[22m
[2m11:39:02 AM[22m [36m[1m[vite][22m[39m [32mhmr update [39m[2m/src/App.jsx, /src/pages/TasksPage.jsx, /src/pages/AuthPage.jsx[22m
[2m11:39:02 AM[22m [36m[1m[vite][22m[39m [32mhmr update [39m[2m/src/pages/AuthPage.jsx[22m
[2m11:39:02 AM[22m [36m[1m[vite][22m[39m [32mvite.config.js changed, restarting server...[39m
[2m11:39:02 AM[22m [36m[1m[vite][22m[39m [32mpage reload [39m[2mindex.html[22m
[2m11:39:02 AM[22m [36m[1m[vite][22m[39m [32mhmr update [39m[2m/src/App.jsx[22m
[2m11:39:02 AM[22m [36m[1m[vite][22m[39m [32mhmr update [39m[2m/src/styles.css[22m
[2m11:39:02 AM[22m [36m[1m[vite][22m[39m [32mhmr update [39m[2m/src/App.jsx, /src/pages/TasksPage.jsx, /src/pages/AuthPage.jsx[22m
[2m11:39:02 AM[22m [36m[1m[vite][22m[39m [32mhmr update [39m[2m/src/pages/AuthPage.jsx[22m
[2m11:39:02 AM[22m [36m[1m[vite][22m[39m [32mhmr update [39m[2m/src/pages/TasksPage.jsx[22m
[2m11:39:02 AM[22m [36m[1m[vite][22m[39m server restarted.
[2m11:41:07 AM[22m [36m[1m[vite][22m[39m [32mvite.config.js changed, restarting server...[39m
[2m11:41:07 AM[22m [36m[1m[vite][22m[39m [32mpage reload [39m[2msrc/main.jsx[22m
[2m11:41:07 AM[22m [36m[1m[vite][22m[39m [32mpage reload [39m[2mindex.html[22m
[2m11:41:07 AM[22m [36m[1m[vite][22m[39m [32mhmr update [39m[2m/src/App.jsx, /src/pages/TasksPage.jsx, /src/pages/AuthPage.jsx[22m
[2m11:41:07 AM[22m [36m[1m[vite][22m[39m [32mhmr update [39m[2m/src/App.jsx, /src/pages/TasksPage.jsx, /src/pages/AuthPage.jsx[22m
[2m11:41:07 AM[22m [36m[1m[vite][22m[39m [32mhmr update [39m[2m/src/App.jsx[22m
[2m11:41:07 AM[22m [36m[1m[vite][22m[39m [32mhmr update [39m[2m/src/styles.css[22m
[2m11:41:07 AM[22m [36m[1m[vite][22m[39m [32mhmr update [39m[2m/src/pages/AuthPage.jsx[22m
[2m11:41:07 AM[22m [36m[1m[vite][22m[39m [32mhmr update [39m[2m/src/pages/TasksPage.jsx[22m
[2m11:41:07 AM[22m [36m[1m[vite][22m[39m server restarted.
[2m11:41:08 AM[22m [36m[1m[vite][22m[39m [32mpage reload [39m[2msrc/main.jsx[22m
[2m11:41:08 AM[22m [36m[1m[vite][22m[39m [32mhmr update [39m[2m/src/App.jsx, /src/pages/TasksPage.jsx, /src/pages/AuthPage.jsx[22m
[2m11:41:08 AM[22m [36m[1m[vite][22m[39m [32mhmr update [39m[2m/src/App.jsx, /src/pages/TasksPage.jsx, /src/pages/AuthPage.jsx[22m
[2m11:41:08 AM[22m [36m[1m[vite][22m[39m [32mvite.config.js changed, restarting server...[39m
[2m11:41:08 AM[22m [36m[1m[vite][22m[39m [32mhmr update [39m[2m/src/pages/AuthPage.jsx[22m
[2m11:41:08 AM[22m [36m[1m[vite][22m[39m [32mpage reload [39m[2mindex.html[22m
[2m11:41:08 AM[22m [36m[1m[vite][22m[39m [32mhmr update [39m[2m/src/App.jsx[22m
[2m11:41:08 AM[22m [36m[1m[vite][22m[39m [32mhmr update [39m[2m/src/styles.css[22m
[2m11:41:08 AM[22m [36m[1m[vite][22m[39m [32mhmr update [39m[2m/src/pages/TasksPage.jsx[22m
[2m11:41:08 AM[22m [36m[1m[vite][22m[39m server restarted.
[2m11:42:10 AM[22m [36m[1m[vite][22m[39m [32mvite.config.js changed, restarting server...[39m
[2m11:42:10 AM[22m [36m[1m[vite][22m[39m [32mpage reload [39m[2mindex.html[22m
[2m11:42:10 AM[22m [36m[1m[vite][22m[39m [32mpage reload [39m[2msrc/main.jsx[22m
[2m11:42:10 AM[22m [36m[1m[vite][22m[39m [32mhmr update [39m[2m/src/App.jsx, /src/pages/TasksPage.jsx, /src/pages/AuthPage.jsx[22m
[2m11:42:10 AM[22m [36m[1m[vite][22m[39m [32mhmr update [39m[2m/src/App.jsx, /src/pages/TasksPage.jsx, /src/pages/AuthPage.jsx[22m
[2m11:42:10 AM[22m [36m[1m[vite][22m[39m [32mhmr update [39m[2m/src/App.jsx[22m
[2m11:42:10 AM[22m [36m[1m[vite][22m[39m [32mhmr update [39m[2m/src/styles.css[22m
[2m11:42:10 AM[22m [36m[1m[vite][22m[39m [32mhmr update [39m[2m/src/pages/AuthPage.jsx[22m
[2m11:42:10 AM[22m [36m[1m[vite][22m[39m [32mhmr update [39m[2m/src/pages/TasksPage.jsx[22m
[2m11:42:10 AM[22m [36m[1m[vite][22m[39m [32mpage reload [39m[2msrc/main.jsx[22m
[2m11:42:10 AM[22m [36m[1m[vite][22m[39m [32mvite.config.js changed, restarting server...[39m
[2m11:42:10 AM[22m [36m[1m[vite][22m[39m [32mpage reload [39m[2mindex.html[22m
[2m11:42:10 AM[22m [36m[1m[vite][22m[39m [32mhmr update [39m[2m/src/App.jsx, /src/pages/TasksPage.jsx, /src/pages/AuthPage.jsx[22m
[2m11:42:10 AM[22m [36m[1m[vite][22m[39m [32mhmr update [39m[2m/src/App.jsx[22m
[2m11:42:10 AM[22m [36m[1m[vite][22m[39m [32mhmr update [39m[2m/src/styles.css[22m
[2m11:42:10 AM[22m [36m[1m[vite][22m[39m [32mhmr update [39m[2m/src/App.jsx, /src/pages/TasksPage.jsx, /src/pages/AuthPage.jsx[22m
[2m11:42:10 AM[22m [36m[1m[vite][22m[39m [32mhmr update [39m[2m/src/pages/AuthPage.jsx[22m
[2m11:42:10 AM[22m [36m[1m[vite][22m[39m [32mhmr update [39m[2m/src/pages/TasksPage.jsx[22m
[2m11:42:10 AM[22m [36m[1m[vite][22m[39m server restarted.
[2m11:44:02 AM[22m [36m[1m[vite][22m[39m [32mvite.config.js changed, restarting server...[39m
[2m11:44:02 AM[22m [36m[1m[vite][22m[39m [32mpage reload [39m[2mindex.html[22m
[2m11:44:02 AM[22m [36m[1m[vite][22m[39m [32mpage reload [39m[2msrc/main.jsx[22m
[2m11:44:02 AM[22m [36m[1m[vite][22m[39m [32mhmr update [39m[2m/src/pages/TasksPage.jsx, /src/App.jsx, /src/pages/AuthPage.jsx[22m
[2m11:44:02 AM[22m [36m[1m[vite][22m[39m [32mhmr update [39m[2m/src/App.jsx[22m
[2m11:44:02 AM[22m [36m[1m[vite][22m[39m [32mhmr update [39m[2m/src/styles.css[22m
[2m11:44:02 AM[22m [36m[1m[vite][22m[39m [32mhmr update [39m[2m/src/pages/TasksPage.jsx, /src/App.jsx, /src/pages/AuthPage.jsx[22m
[2m11:44:02 AM[22m [36m[1m[vite][22m[39m [32mhmr update [39m[2m/src/pages/AuthPage.jsx[22m
[2m11:44:02 AM[22m [36m[1m[vite][22m[39m [32mhmr update [39m[2m/src/pages/TasksPage.jsx[22m
[2m11:44:02 AM[22m [36m[1m[vite][22m[39m server restarted.
[2m11:44:02 AM[22m [36m[1m[vite][22m[39m [32mvite.config.js changed, restarting server...[39m
[2m11:44:02 AM[22m [36m[1m[vite][22m[39m [32mpage reload [39m[2mindex.html[22m
[2m11:44:02 AM[22m [36m[1m[vite][22m[39m [32mpage reload [39m[2msrc/main.jsx[22m
[2m11:44:02 AM[22m [36m[1m[vite][22m[39m [32mhmr update [39m[2m/src/App.jsx, /src/pages/AuthPage.jsx, /src/pages/TasksPage.jsx[22m
[2m11:44:02 AM[22m [36m[1m[vite][22m[39m [32mhmr update [39m[2m/src/App.jsx[22m
[2m11:44:02 AM[22m [36m[1m[vite][22m[39m [32mhmr update [39m[2m/src/styles.css[22m
[2m11:44:02 AM[22m [36m[1m[vite][22m[39m [32mhmr update [39m[2m/src/App.jsx, /src/pages/AuthPage.jsx, /src/pages/TasksPage.jsx[22m
[2m11:44:02 AM[22m [36m[1m[vite][22m[39m [32mhmr update [39m[2m/src/pages/AuthPage.jsx[22m
[2m11:44:02 AM[22m [36m[1m[vite][22m[39m [32mhmr update [39m[2m/src/pages/TasksPage.jsx[22m
[2m11:44:02 AM[22m [36m[1m[vite][22m[39m server restarted.
[2m11:44:05 AM[22m [36m[1m[vite][22m[39m [32mvite.config.js changed, restarting server...[39m
[2m11:44:05 AM[22m [36m[1m[vite][22m[39m [32mpage reload [39m[2mindex.html[22m
[2m11:44:05 AM[22m [36m[1m[vite][22m[39m server restarted.
[2m11:44:05 AM[22m [36m[1m[vite][22m[39m [32mvite.config.js changed, restarting server...[39m
[2m11:44:05 AM[22m [36m[1m[vite][22m[39m [32mpage reload [39m[2mindex.html[22m
[2m11:44:05 AM[22m [36m[1m[vite][22m[39m server restarted.

> generated-story-frontend@0.0.1 dev
> vite --host 0.0.0.0 --port 5174 --host 127.0.0.1 --port 5174


  [32m[1mVITE[22m v5.4.21[39m  [2mready in [0m[1m602[22m[2m[0m ms[22m

  [32m➜[39m  [1mLocal[22m:   [36mhttp://127.0.0.1:[1m5174[22m/[39m
[2m[32m  ➜[39m[22m[2m  press [22m[1mh + enter[22m[2m to show help[22m
[2m12:11:25 PM[22m [36m[1m[vite][22m[39m [32mvite.config.js changed, restarting server...[39m
[2m12:11:25 PM[22m [36m[1m[vite][22m[39m [32mpage reload [39m[2mindex.html[22m
[2m12:11:25 PM[22m [36m[1m[vite][22m[39m [32mvite.config.js changed, restarting server...[39m
[2m12:11:25 PM[22m [36m[1m[vite][22m[39m [32mpage reload [39m[2msrc/main.jsx[22m
[2m12:11:25 PM[22m [36m[1m[vite][22m[39m [32mhmr update [39m[2m/src/App.jsx, /src/pages/TasksPage.jsx, /src/pages/AuthPage.jsx[22m
[2m12:11:25 PM[22m [36m[1m[vite][22m[39m [32mhmr update [39m[2m/src/App.jsx, /src/pages/TasksPage.jsx, /src/pages/AuthPage.jsx[22m
[2m12:11:25 PM[22m [36m[1m[vite][22m[39m [32mhmr update [39m[2m/src/pages/AuthPage.jsx[22m
[2m12:11:25 PM[22m [36m[1m[vite][22m[39m [32mhmr update [39m[2m/src/App.jsx[22m
[2m12:11:25 PM[22m [36m[1m[vite][22m[39m [32mhmr update [39m[2m/src/styles.css[22m
[2m12:11:25 PM[22m [36m[1m[vite][22m[39m [32mhmr update [39m[2m/src/pages/TasksPage.jsx[22m
[2m12:11:25 PM[22m [36m[1m[vite][22m[39m server restarted.
[2m12:11:25 PM[22m [36m[1m[vite][22m[39m [32mvite.config.js changed, restarting server...[39m
[2m12:11:25 PM[22m [36m[1m[vite][22m[39m server restarted.
