[33mThe CJS build of Vite's Node API is deprecated. See https://vite.dev/guide/troubleshooting.html#vite-cjs-node-api-deprecated for more details.[39m
[33mThe CJS build of Vite's Node API is deprecated. See https://vite.dev/guide/troubleshooting.html#vite-cjs-node-api-deprecated for more details.[39m
[33mThe CJS build of Vite's Node API is deprecated. See https://vite.dev/guide/troubleshooting.html#vite-cjs-node-api-deprecated for more details.[39m
^C[33mThe CJS build of Vite's Node API is deprecated. See https://vite.dev/guide/troubleshooting.html#vite-cjs-node-api-deprecated for more details.[39m
^C[33mThe CJS build of Vite's Node API is deprecated. See https://vite.dev/guide/troubleshooting.html#vite-cjs-node-api-deprecated for more details.[39m
[33mThe CJS build of Vite's Node API is deprecated. See https://vite.dev/guide/troubleshooting.html#vite-cjs-node-api-deprecated for more details.[39m
[33mThe CJS build of Vite's Node API is deprecated. See https://vite.dev/guide/troubleshooting.html#vite-cjs-node-api-deprecated for more details.[39m
^C[33mThe CJS build of Vite's Node API is deprecated. See https://vite.dev/guide/troubleshooting.html#vite-cjs-node-api-deprecated for more details.[39m
^C^C[33mThe CJS build of Vite's Node API is deprecated. See https://vite.dev/guide/troubleshooting.html#vite-cjs-node-api-deprecated for more details.[39m
^C^C[33mThe CJS build of Vite's Node API is deprecated. See https://vite.dev/guide/troubleshooting.html#vite-cjs-node-api-deprecated for more details.[39m
^C^C[33mThe CJS build of Vite's Node API is deprecated. See https://vite.dev/guide/troubleshooting.html#vite-cjs-node-api-deprecated for more details.[39m
^C^C[33mThe CJS build of Vite's Node API is deprecated. See https://vite.dev/guide/troubleshooting.html#vite-cjs-node-api-deprecated for more details.[39m
^C[33mThe CJS build of Vite's Node API is deprecated. See https://vite.dev/guide/troubleshooting.html#vite-cjs-node-api-deprecated for more details.[39m
[33mThe CJS build of Vite's Node API is deprecated. See https://vite.dev/guide/troubleshooting.html#vite-cjs-node-api-deprecated for more details.[39m
^C^C[33mThe CJS build of Vite's Node API is deprecated. See https://vite.dev/guide/troubleshooting.html#vite-cjs-node-api-deprecated for more details.[39m
^C[33mThe CJS build of Vite's Node API is deprecated. See https://vite.dev/guide/troubleshooting.html#vite-cjs-node-api-deprecated for more details.[39m
^C[33mThe CJS build of Vite's Node API is deprecated. See https://vite.dev/guide/troubleshooting.html#vite-cjs-node-api-deprecated for more details.[39m
^C[33mThe CJS build of Vite's Node API is deprecated. See https://vite.dev/guide/troubleshooting.html#vite-cjs-node-api-deprecated for more details.[39m
[31mfailed to load config from C:\Users\Aman\Downloads\GlobalLogicassign\generated_apps\delivery-studio-preview\frontend\vite.config.js[39m
[31merror when starting dev server:
Error: spawn EPERM
    at ChildProcess.spawn (node:internal/child_process:421:11)
    at Object.spawn (node:child_process:763:9)
    at ensureServiceIsRunning (C:\Users\Aman\Downloads\GlobalLogicassign\generated_apps\delivery-studio-preview\frontend\node_modules\esbuild\lib\main.js:1975:29)
    at build (C:\Users\Aman\Downloads\GlobalLogicassign\generated_apps\delivery-studio-preview\frontend\node_modules\esbuild\lib\main.js:1873:26)
    at bundleConfigFile (file:///C:/Users/Aman/Downloads/GlobalLogicassign/generated_apps/delivery-studio-preview/frontend/node_modules/vite/dist/node/chunks/dep-BK3b2jBa.js:66845:24)
    at loadConfigFromFile (file:///C:/Users/Aman/Downloads/GlobalLogicassign/generated_apps/delivery-studio-preview/frontend/node_modules/vite/dist/node/chunks/dep-BK3b2jBa.js:66815:27)
    at resolveConfig (file:///C:/Users/Aman/Downloads/GlobalLogicassign/generated_apps/delivery-studio-preview/frontend/node_modules/vite/dist/node/chunks/dep-BK3b2jBa.js:66416:30)
    at _createServer (file:///C:/Users/Aman/Downloads/GlobalLogicassign/generated_apps/delivery-studio-preview/frontend/node_modules/vite/dist/node/chunks/dep-BK3b2jBa.js:63015:24)
    at createServer (file:///C:/Users/Aman/Downloads/GlobalLogicassign/generated_apps/delivery-studio-preview/frontend/node_modules/vite/dist/node/chunks/dep-BK3b2jBa.js:63012:10)
    at CAC.<anonymous> (file:///C:/Users/Aman/Downloads/GlobalLogicassign/generated_apps/delivery-studio-preview/frontend/node_modules/vite/dist/node/cli.js:736:26)[39m
[33mThe CJS build of Vite's Node API is deprecated. See https://vite.dev/guide/troubleshooting.html#vite-cjs-node-api-deprecated for more details.[39m
^C^C[33mThe CJS build of Vite's Node API is deprecated. See https://vite.dev/guide/troubleshooting.html#vite-cjs-node-api-deprecated for more details.[39m
[33mThe CJS build of Vite's Node API is deprecated. See https://vite.dev/guide/troubleshooting.html#vite-cjs-node-api-deprecated for more details.[39m
[33mThe CJS build of Vite's Node API is deprecated. See https://vite.dev/guide/troubleshooting.html#vite-cjs-node-api-deprecated for more details.[39m
^C^C[33mThe CJS build of Vite's Node API is deprecated. See https://vite.dev/guide/troubleshooting.html#vite-cjs-node-api-deprecated for more details.[39m
[33mThe CJS build of Vite's Node API is deprecated. See https://vite.dev/guide/troubleshooting.html#vite-cjs-node-api-deprecated for more details.[39m
^C